<?xml version="1.0" encoding="UTF-8"?>
<testng-results skipped="0" failed="0" ignored="0" total="2" passed="2">
  <reporter-output>
  </reporter-output>
  <suite name="Suite" duration-ms="75848" started-at="2022-04-24T06:43:07Z" finished-at="2022-04-24T06:44:23Z">
    <groups>
      <group name="cucumber">
        <method signature="AbstractTestNGCucumberTests.runScenario(io.cucumber.testng.PickleEventWrapper, io.cucumber.testng.CucumberFeatureWrapper)[pri:0, instance:com.automation.framework.runner.RunCuke@1bce4f0a]" name="runScenario" class="io.cucumber.testng.AbstractTestNGCucumberTests"/>
      </group> <!-- cucumber -->
    </groups>
    <test name="Regression" duration-ms="75848" started-at="2022-04-24T06:43:07Z" finished-at="2022-04-24T06:44:23Z">
      <class name="com.automation.framework.runner.RunCuke">
        <test-method status="PASS" signature="setUpClass()[pri:0, instance:com.automation.framework.runner.RunCuke@1bce4f0a]" name="setUpClass" is-config="true" duration-ms="1222" started-at="2022-04-24T06:43:07Z" finished-at="2022-04-24T06:43:08Z">
          <reporter-output>
          </reporter-output>
        </test-method> <!-- setUpClass -->
        <test-method status="PASS" signature="runScenario(io.cucumber.testng.PickleEventWrapper, io.cucumber.testng.CucumberFeatureWrapper)[pri:0, instance:com.automation.framework.runner.RunCuke@1bce4f0a]" name="runScenario" duration-ms="39849" started-at="2022-04-24T06:43:08Z" description="Runs Cucumber Scenarios" data-provider="scenarios" finished-at="2022-04-24T06:43:48Z">
          <params>
            <param index="0">
              <value>
                <![CDATA["Click on continue button"]]>
              </value>
            </param>
            <param index="1">
              <value>
                <![CDATA["Login Feature"]]>
              </value>
            </param>
          </params>
          <reporter-output>
          </reporter-output>
        </test-method> <!-- runScenario -->
        <test-method status="PASS" signature="runScenario(io.cucumber.testng.PickleEventWrapper, io.cucumber.testng.CucumberFeatureWrapper)[pri:0, instance:com.automation.framework.runner.RunCuke@1bce4f0a]" name="runScenario" duration-ms="33240" started-at="2022-04-24T06:43:48Z" description="Runs Cucumber Scenarios" data-provider="scenarios" finished-at="2022-04-24T06:44:21Z">
          <params>
            <param index="0">
              <value>
                <![CDATA[": Click on continue button and select topics"]]>
              </value>
            </param>
            <param index="1">
              <value>
                <![CDATA["Login Feature"]]>
              </value>
            </param>
          </params>
          <reporter-output>
          </reporter-output>
        </test-method> <!-- runScenario -->
        <test-method status="PASS" signature="tearDownClass()[pri:0, instance:com.automation.framework.runner.RunCuke@1bce4f0a]" name="tearDownClass" is-config="true" duration-ms="1363" started-at="2022-04-24T06:44:21Z" finished-at="2022-04-24T06:44:23Z">
          <reporter-output>
          </reporter-output>
        </test-method> <!-- tearDownClass -->
      </class> <!-- com.automation.framework.runner.RunCuke -->
    </test> <!-- Regression -->
  </suite> <!-- Suite -->
</testng-results>
