<?xml version="1.0" encoding="UTF-8"?>
<testsuite xmlns:xsi="http://www.w3.org/2001/XMLSchema-instance" xsi:noNamespaceSchemaLocation="https://maven.apache.org/surefire/maven-surefire-plugin/xsd/surefire-test-report-3.0.xsd" version="3.0" name="TestSuite" time="76.676" tests="2" errors="0" skipped="0" failures="0">
  <properties>
[...]
</properties>
  <testcase name="runScenario[&quot;Click on continue button&quot;, &quot;Login Feature&quot;](1)" classname="com.automation.framework.runner.RunCuke" time="39.86">
    <system-out><![CDATA[&amp#27;[35m[Appium]&amp#27;[39m Welcome to Appium v1.19.1
&amp#27;[35m[Appium]&amp#27;[39m Non-default server args:
&amp#27;[35m[Appium]&amp#27;[39m   logFile: /Users/vini/appiumbatch-workspace/appiumweekendbatch/AppiumCucumberFramework/src/test/resources/logs/appiumlogs.txt
&amp#27;[35m[Appium]&amp#27;[39m   localTimezone: true
&amp#27;[35m[Appium]&amp#27;[39m Appium REST http interface listener started on 0.0.0.0:4723
&amp#27;[35m[HTTP]&amp#27;[39m &amp#27;[37m-->&amp#27;[39m &amp#27;[37mGET&amp#27;[39m &amp#27;[37m/wd/hub/status&amp#27;[39m
&amp#27;[35m[HTTP]&amp#27;[39m &amp#27;[90m{}&amp#27;[39m
[debug] &amp#27;[35m[GENERIC]&amp#27;[39m Calling AppiumDriver.getStatus() with args: []
[debug] &amp#27;[35m[GENERIC]&amp#27;[39m Responding to client with driver.getStatus() result: {"build":{"version":"1.19.1"}}
&amp#27;[35m[HTTP]&amp#27;[39m &amp#27;[37m<-- GET /wd/hub/status &amp#27;[39m&amp#27;[32m200&amp#27;[39m &amp#27;[90m15 ms - 68&amp#27;[39m
&amp#27;[35m[HTTP]&amp#27;[39m &amp#27;[90m&amp#27;[39m
04-24-2022 12:13:12 TestBase.java INFO  [main] base.TestBase 31 - Android_Flipboard.properties Propeties file loaded for android.....
&amp#27;[35m[HTTP]&amp#27;[39m &amp#27;[37m-->&amp#27;[39m &amp#27;[37mPOST&amp#27;[39m &amp#27;[37m/wd/hub/session&amp#27;[39m
&amp#27;[35m[HTTP]&amp#27;[39m &amp#27;[90m{"desiredCapabilities":{"appActivity":"flipboard.activities.LaunchActivity","appPackage":"flipboard.app","noReset":false,"platformVersion":"9","automationName":"UIAutomator2","platformName":"Android","deviceName":"Nexus:5554"},"capabilities":{"firstMatch":[{"appium:appActivity":"flipboard.activities.LaunchActivity","appium:appPackage":"flipboard.app","appium:automationName":"UIAutomator2","appium:deviceName":"Nexus:5554","appium:noReset":false,"platformName":"android","appium:platformVersion":"9"}]}}&amp#27;[39m
[debug] &amp#27;[35m[W3C]&amp#27;[39m Calling AppiumDriver.createSession() with args: [{"appActivity":"flipboard.activities.LaunchActivity","appPackage":"flipboard.app","noReset":false,"platformVersion":"9","automationName":"UIAutomator2","platformName":"Android","deviceName":"Nexus:5554"},null,{"firstMatch":[{"appium:appActivity":"flipboard.activities.LaunchActivity","appium:appPackage":"flipboard.app","appium:automationName":"UIAutomator2","appium:deviceName":"Nexus:5554","appium:noReset":false,"platformName":"android","appium:platformVersion":"9"}]}]
[debug] &amp#27;[35m[BaseDriver]&amp#27;[39m Event 'newSessionRequested' logged at 1650782594487 (12:13:14 GMT+0530 (India Standard Time))
&amp#27;[35m[Appium]&amp#27;[39m Appium v1.19.1 creating new AndroidUiautomator2Driver (v1.59.0) session
[debug] &amp#27;[35m[BaseDriver]&amp#27;[39m W3C capabilities and MJSONWP desired capabilities were provided
[debug] &amp#27;[35m[BaseDriver]&amp#27;[39m Creating session with W3C capabilities: {
[debug] &amp#27;[35m[BaseDriver]&amp#27;[39m   "alwaysMatch": {
[debug] &amp#27;[35m[BaseDriver]&amp#27;[39m     "platformName": "android",
[debug] &amp#27;[35m[BaseDriver]&amp#27;[39m     "appium:appActivity": "flipboard.activities.LaunchActivity",
[debug] &amp#27;[35m[BaseDriver]&amp#27;[39m     "appium:appPackage": "flipboard.app",
[debug] &amp#27;[35m[BaseDriver]&amp#27;[39m     "appium:automationName": "UIAutomator2",
[debug] &amp#27;[35m[BaseDriver]&amp#27;[39m     "appium:deviceName": "Nexus:5554",
[debug] &amp#27;[35m[BaseDriver]&amp#27;[39m     "appium:noReset": false,
[debug] &amp#27;[35m[BaseDriver]&amp#27;[39m     "appium:platformVersion": "9"
[debug] &amp#27;[35m[BaseDriver]&amp#27;[39m   },
[debug] &amp#27;[35m[BaseDriver]&amp#27;[39m   "firstMatch": [
[debug] &amp#27;[35m[BaseDriver]&amp#27;[39m     {}
[debug] &amp#27;[35m[BaseDriver]&amp#27;[39m   ]
[debug] &amp#27;[35m[BaseDriver]&amp#27;[39m }
&amp#27;[35m[BaseDriver]&amp#27;[39m Session created with session id: d4c84161-68f2-48a3-92ad-c042910a1e33
&amp#27;[35m[UiAutomator2]&amp#27;[39m Starting 'flipboard.app' directly on the device
&amp#27;[35m[ADB]&amp#27;[39m Found 3 'build-tools' folders under '/Users/vini/Library/Android/sdk/' (newest first):
&amp#27;[35m[ADB]&amp#27;[39m     /Users/vini/Library/Android/sdk/build-tools/30.0.2
&amp#27;[35m[ADB]&amp#27;[39m     /Users/vini/Library/Android/sdk/build-tools/28.0.1
&amp#27;[35m[ADB]&amp#27;[39m     /Users/vini/Library/Android/sdk/build-tools/27.0.3
&amp#27;[35m[ADB]&amp#27;[39m Using 'adb' from '/Users/vini/Library/Android/sdk/platform-tools/adb'
[debug] &amp#27;[35m[ADB]&amp#27;[39m Running '/Users/vini/Library/Android/sdk/platform-tools/adb -P 5037 start-server'
&amp#27;[35m[AndroidDriver]&amp#27;[39m Retrieving device list
[debug] &amp#27;[35m[ADB]&amp#27;[39m Trying to find a connected android device
[debug] &amp#27;[35m[ADB]&amp#27;[39m Getting connected devices
[debug] &amp#27;[35m[ADB]&amp#27;[39m Connected devices: [{"udid":"emulator-5554","state":"device"}]
&amp#27;[35m[AndroidDriver]&amp#27;[39m Looking for a device with Android '9.0.0'
[debug] &amp#27;[35m[ADB]&amp#27;[39m Setting device id to emulator-5554
&amp#27;[35m[ADB]&amp#27;[39m Getting device platform version
[debug] &amp#27;[35m[ADB]&amp#27;[39m Running '/Users/vini/Library/Android/sdk/platform-tools/adb -P 5037 -s emulator-5554 shell getprop ro.build.version.release'
[debug] &amp#27;[35m[ADB]&amp#27;[39m Current device property 'ro.build.version.release': 9
&amp#27;[35m[AndroidDriver]&amp#27;[39m Using device: emulator-5554
&amp#27;[35m[ADB]&amp#27;[39m Using 'adb' from '/Users/vini/Library/Android/sdk/platform-tools/adb'
[debug] &amp#27;[35m[ADB]&amp#27;[39m Running '/Users/vini/Library/Android/sdk/platform-tools/adb -P 5037 start-server'
[debug] &amp#27;[35m[ADB]&amp#27;[39m Setting device id to emulator-5554
[debug] &amp#27;[35m[ADB]&amp#27;[39m Running '/Users/vini/Library/Android/sdk/platform-tools/adb -P 5037 -s emulator-5554 shell getprop ro.build.version.sdk'
[debug] &amp#27;[35m[ADB]&amp#27;[39m Current device property 'ro.build.version.sdk': 28
&amp#27;[35m[ADB]&amp#27;[39m Getting device platform version
[debug] &amp#27;[35m[ADB]&amp#27;[39m Running '/Users/vini/Library/Android/sdk/platform-tools/adb -P 5037 -s emulator-5554 shell getprop ro.build.version.release'
[debug] &amp#27;[35m[ADB]&amp#27;[39m Current device property 'ro.build.version.release': 9
[debug] &amp#27;[35m[ADB]&amp#27;[39m Device API level: 28
&amp#27;[35m[UiAutomator2]&amp#27;[39m Relaxing hidden api policy
[debug] &amp#27;[35m[ADB]&amp#27;[39m Running '/Users/vini/Library/Android/sdk/platform-tools/adb -P 5037 -s emulator-5554 shell 'settings put global hidden_api_policy_pre_p_apps 1;settings put global hidden_api_policy_p_apps 1;settings put global hidden_api_policy 1''
&amp#27;[35m[AndroidDriver]&amp#27;[39m No app sent in, not parsing package/activity
[debug] &amp#27;[35m[ADB]&amp#27;[39m Running '/Users/vini/Library/Android/sdk/platform-tools/adb -P 5037 -s emulator-5554 wait-for-device'
[debug] &amp#27;[35m[ADB]&amp#27;[39m Running '/Users/vini/Library/Android/sdk/platform-tools/adb -P 5037 -s emulator-5554 shell echo ping'
[debug] &amp#27;[35m[AndroidDriver]&amp#27;[39m Pushing settings apk to device...
[debug] &amp#27;[35m[ADB]&amp#27;[39m Getting install status for io.appium.settings
[debug] &amp#27;[35m[ADB]&amp#27;[39m Running '/Users/vini/Library/Android/sdk/platform-tools/adb -P 5037 -s emulator-5554 shell dumpsys package io.appium.settings'
[debug] &amp#27;[35m[ADB]&amp#27;[39m 'io.appium.settings' is installed
[debug] &amp#27;[35m[ADB]&amp#27;[39m Getting package info for 'io.appium.settings'
[debug] &amp#27;[35m[ADB]&amp#27;[39m Running '/Users/vini/Library/Android/sdk/platform-tools/adb -P 5037 -s emulator-5554 shell dumpsys package io.appium.settings'
[debug] &amp#27;[35m[ADB]&amp#27;[39m The version name of the installed 'io.appium.settings' is greater or equal to the application version name ('3.2.1' >= '3.2.1')
[debug] &amp#27;[35m[ADB]&amp#27;[39m There is no need to install/upgrade '/Applications/Appium.app/Contents/Resources/app/node_modules/appium/node_modules/io.appium.settings/apks/settings_apk-debug.apk'
[debug] &amp#27;[35m[ADB]&amp#27;[39m Getting IDs of all 'io.appium.settings' processes
[debug] &amp#27;[35m[ADB]&amp#27;[39m Running '/Users/vini/Library/Android/sdk/platform-tools/adb -P 5037 -s emulator-5554 shell 'pgrep --help; echo $?''
[debug] &amp#27;[35m[ADB]&amp#27;[39m Running '/Users/vini/Library/Android/sdk/platform-tools/adb -P 5037 -s emulator-5554 shell pgrep -f \(\[\[:blank:\]\]\|\^\)io\.appium\.settings\(\[\[:blank:\]\]\|\$\)'
[debug] &amp#27;[35m[AndroidDriver]&amp#27;[39m io.appium.settings is already running. There is no need to reset its permissions.
[debug] &amp#27;[35m[Logcat]&amp#27;[39m Starting logs capture with command: /Users/vini/Library/Android/sdk/platform-tools/adb -P 5037 -s emulator-5554 logcat -v threadtime
[debug] &amp#27;[35m[UiAutomator2]&amp#27;[39m Forwarding UiAutomator2 Server port 6790 to local port 8200
[debug] &amp#27;[35m[ADB]&amp#27;[39m Forwarding system: 8200 to device: 6790
[debug] &amp#27;[35m[ADB]&amp#27;[39m Running '/Users/vini/Library/Android/sdk/platform-tools/adb -P 5037 -s emulator-5554 forward tcp:8200 tcp:6790'
[debug] &amp#27;[35m[ADB]&amp#27;[39m Getting install status for io.appium.uiautomator2.server
[debug] &amp#27;[35m[ADB]&amp#27;[39m Running '/Users/vini/Library/Android/sdk/platform-tools/adb -P 5037 -s emulator-5554 shell dumpsys package io.appium.uiautomator2.server'
[debug] &amp#27;[35m[ADB]&amp#27;[39m 'io.appium.uiautomator2.server' is installed
[debug] &amp#27;[35m[ADB]&amp#27;[39m Getting package info for 'io.appium.uiautomator2.server'
[debug] &amp#27;[35m[ADB]&amp#27;[39m Running '/Users/vini/Library/Android/sdk/platform-tools/adb -P 5037 -s emulator-5554 shell dumpsys package io.appium.uiautomator2.server'
[debug] &amp#27;[35m[ADB]&amp#27;[39m The version name of the installed 'io.appium.uiautomator2.server' is greater or equal to the application version name ('4.15.0' >= '4.15.0')
[debug] &amp#27;[35m[UiAutomator2]&amp#27;[39m io.appium.uiautomator2.server installation state: sameVersionInstalled
[debug] &amp#27;[35m[ADB]&amp#27;[39m Checking app cert for /Applications/Appium.app/Contents/Resources/app/node_modules/appium/node_modules/appium-uiautomator2-server/apks/appium-uiautomator2-server-v4.15.0.apk
&amp#27;[35m[ADB]&amp#27;[39m Using 'apksigner.jar' from '/Users/vini/Library/Android/sdk/build-tools/30.0.2/lib/apksigner.jar'
[debug] &amp#27;[35m[ADB]&amp#27;[39m Starting apksigner: /Library/Java/JavaVirtualMachines/jdk1.8.0_181.jdk/Contents/Home/bin/java -Xmx1024M -Xss1m -jar /Users/vini/Library/Android/sdk/build-tools/30.0.2/lib/apksigner.jar verify --print-certs /Applications/Appium.app/Contents/Resources/app/node_modules/appium/node_modules/appium-uiautomator2-server/apks/appium-uiautomator2-server-v4.15.0.apk
[debug] &amp#27;[35m[ADB]&amp#27;[39m apksigner stdout: Signer #1 certificate DN: EMAILADDRESS=android@android.com, CN=Android, OU=Android, O=Android, L=Mountain View, ST=California, C=US
[debug] &amp#27;[35m[ADB]&amp#27;[39m Signer #1 certificate SHA-256 digest: a40da80a59d170caa950cf15c18c454d47a39b26989d8b640ecd745ba71bf5dc
[debug] &amp#27;[35m[ADB]&amp#27;[39m Signer #1 certificate SHA-1 digest: 61ed377e85d386a8dfee6b864bd85b0bfaa5af81
[debug] &amp#27;[35m[ADB]&amp#27;[39m Signer #1 certificate MD5 digest: e89b158e4bcf988ebd09eb83f5378e87
[debug] &amp#27;[35m[ADB]&amp#27;[39m 
[debug] &amp#27;[35m[ADB]&amp#27;[39m sha256 hash did match for 'appium-uiautomator2-server-v4.15.0.apk'
&amp#27;[35m[ADB]&amp#27;[39m '/Applications/Appium.app/Contents/Resources/app/node_modules/appium/node_modules/appium-uiautomator2-server/apks/appium-uiautomator2-server-v4.15.0.apk' is signed with the default certificate
[debug] &amp#27;[35m[ADB]&amp#27;[39m Getting install status for io.appium.uiautomator2.server.test
[debug] &amp#27;[35m[ADB]&amp#27;[39m Running '/Users/vini/Library/Android/sdk/platform-tools/adb -P 5037 -s emulator-5554 shell dumpsys package io.appium.uiautomator2.server.test'
[debug] &amp#27;[35m[ADB]&amp#27;[39m 'io.appium.uiautomator2.server.test' is installed
[debug] &amp#27;[35m[ADB]&amp#27;[39m Checking app cert for /Applications/Appium.app/Contents/Resources/app/node_modules/appium/node_modules/appium-uiautomator2-server/apks/appium-uiautomator2-server-debug-androidTest.apk
[debug] &amp#27;[35m[ADB]&amp#27;[39m Starting apksigner: /Library/Java/JavaVirtualMachines/jdk1.8.0_181.jdk/Contents/Home/bin/java -Xmx1024M -Xss1m -jar /Users/vini/Library/Android/sdk/build-tools/30.0.2/lib/apksigner.jar verify --print-certs /Applications/Appium.app/Contents/Resources/app/node_modules/appium/node_modules/appium-uiautomator2-server/apks/appium-uiautomator2-server-debug-androidTest.apk
[debug] &amp#27;[35m[ADB]&amp#27;[39m apksigner stdout: Signer #1 certificate DN: EMAILADDRESS=android@android.com, CN=Android, OU=Android, O=Android, L=Mountain View, ST=California, C=US
[debug] &amp#27;[35m[ADB]&amp#27;[39m Signer #1 certificate SHA-256 digest: a40da80a59d170caa950cf15c18c454d47a39b26989d8b640ecd745ba71bf5dc
[debug] &amp#27;[35m[ADB]&amp#27;[39m Signer #1 certificate SHA-1 digest: 61ed377e85d386a8dfee6b864bd85b0bfaa5af81
[debug] &amp#27;[35m[ADB]&amp#27;[39m Signer #1 certificate MD5 digest: e89b158e4bcf988ebd09eb83f5378e87
[debug] &amp#27;[35m[ADB]&amp#27;[39m 
[debug] &amp#27;[35m[ADB]&amp#27;[39m sha256 hash did match for 'appium-uiautomator2-server-debug-androidTest.apk'
&amp#27;[35m[ADB]&amp#27;[39m '/Applications/Appium.app/Contents/Resources/app/node_modules/appium/node_modules/appium-uiautomator2-server/apks/appium-uiautomator2-server-debug-androidTest.apk' is signed with the default certificate
&amp#27;[35m[UiAutomator2]&amp#27;[39m Server packages are not going to be (re)installed
[debug] &amp#27;[35m[UiAutomator2]&amp#27;[39m Waiting up to 30000ms for services to be available
[debug] &amp#27;[35m[ADB]&amp#27;[39m Running '/Users/vini/Library/Android/sdk/platform-tools/adb -P 5037 -s emulator-5554 shell pm list instrumentation'
[debug] &amp#27;[35m[UiAutomator2]&amp#27;[39m Instrumentation target 'io.appium.uiautomator2.server.test/androidx.test.runner.AndroidJUnitRunner' is available
[debug] &amp#27;[35m[UiAutomator2]&amp#27;[39m No app capability. Assuming it is already on the device
[debug] &amp#27;[35m[ADB]&amp#27;[39m Getting install status for flipboard.app
[debug] &amp#27;[35m[ADB]&amp#27;[39m Running '/Users/vini/Library/Android/sdk/platform-tools/adb -P 5037 -s emulator-5554 shell dumpsys package flipboard.app'
[debug] &amp#27;[35m[ADB]&amp#27;[39m 'flipboard.app' is installed
[debug] &amp#27;[35m[ADB]&amp#27;[39m Running '/Users/vini/Library/Android/sdk/platform-tools/adb -P 5037 -s emulator-5554 shell am force-stop flipboard.app'
[debug] &amp#27;[35m[ADB]&amp#27;[39m Running '/Users/vini/Library/Android/sdk/platform-tools/adb -P 5037 -s emulator-5554 shell pm clear flipboard.app'
[debug] &amp#27;[35m[AndroidDriver]&amp#27;[39m Performed fast reset on the installed 'flipboard.app' application (stop and clear)
[debug] &amp#27;[35m[UiAutomator2]&amp#27;[39m Performing shallow cleanup of automation leftovers
[debug] &amp#27;[35m[UiAutomator2]&amp#27;[39m No obsolete sessions have been detected (socket hang up)
[debug] &amp#27;[35m[ADB]&amp#27;[39m Running '/Users/vini/Library/Android/sdk/platform-tools/adb -P 5037 -s emulator-5554 shell am force-stop io.appium.uiautomator2.server.test'
&amp#27;[35m[UiAutomator2]&amp#27;[39m Starting UIAutomator2 server 4.15.0
&amp#27;[35m[UiAutomator2]&amp#27;[39m Using UIAutomator2 server from '/Applications/Appium.app/Contents/Resources/app/node_modules/appium/node_modules/appium-uiautomator2-server/apks/appium-uiautomator2-server-v4.15.0.apk' and test from '/Applications/Appium.app/Contents/Resources/app/node_modules/appium/node_modules/appium-uiautomator2-server/apks/appium-uiautomator2-server-debug-androidTest.apk'
&amp#27;[35m[UiAutomator2]&amp#27;[39m Waiting up to 30000ms for UiAutomator2 to be online...
[debug] &amp#27;[35m[ADB]&amp#27;[39m Creating ADB subprocess with args: ["-P",5037,"-s","emulator-5554","shell","am","instrument","-w","io.appium.uiautomator2.server.test/androidx.test.runner.AndroidJUnitRunner"]
[debug] &amp#27;[35m[WD Proxy]&amp#27;[39m Matched '/status' to command name 'getStatus'
[debug] &amp#27;[35m[WD Proxy]&amp#27;[39m Proxying [GET /status] to [GET http://127.0.0.1:8200/wd/hub/status] with no body
&amp#27;[35m[WD Proxy]&amp#27;[39m socket hang up
[debug] &amp#27;[35m[WD Proxy]&amp#27;[39m Matched '/status' to command name 'getStatus'
[debug] &amp#27;[35m[WD Proxy]&amp#27;[39m Proxying [GET /status] to [GET http://127.0.0.1:8200/wd/hub/status] with no body
&amp#27;[35m[WD Proxy]&amp#27;[39m socket hang up
[debug] &amp#27;[35m[WD Proxy]&amp#27;[39m Matched '/status' to command name 'getStatus'
[debug] &amp#27;[35m[WD Proxy]&amp#27;[39m Proxying [GET /status] to [GET http://127.0.0.1:8200/wd/hub/status] with no body
&amp#27;[35m[WD Proxy]&amp#27;[39m socket hang up
[debug] &amp#27;[35m[Instrumentation]&amp#27;[39m io.appium.uiautomator2.server.test.AppiumUiAutomator2Server:
[debug] &amp#27;[35m[WD Proxy]&amp#27;[39m Matched '/status' to command name 'getStatus'
[debug] &amp#27;[35m[WD Proxy]&amp#27;[39m Proxying [GET /status] to [GET http://127.0.0.1:8200/wd/hub/status] with no body
&amp#27;[35m[WD Proxy]&amp#27;[39m socket hang up
[debug] &amp#27;[35m[WD Proxy]&amp#27;[39m Matched '/status' to command name 'getStatus'
[debug] &amp#27;[35m[WD Proxy]&amp#27;[39m Proxying [GET /status] to [GET http://127.0.0.1:8200/wd/hub/status] with no body
&amp#27;[35m[WD Proxy]&amp#27;[39m socket hang up
[debug] &amp#27;[35m[WD Proxy]&amp#27;[39m Matched '/status' to command name 'getStatus'
[debug] &amp#27;[35m[WD Proxy]&amp#27;[39m Proxying [GET /status] to [GET http://127.0.0.1:8200/wd/hub/status] with no body
[debug] &amp#27;[35m[WD Proxy]&amp#27;[39m Got response with status 200: {"sessionId":"None","value":{"message":"UiAutomator2 Server is ready to accept commands","ready":true}}
[debug] &amp#27;[35m[UiAutomator2]&amp#27;[39m The initialization of the instrumentation process took 6599ms
[debug] &amp#27;[35m[WD Proxy]&amp#27;[39m Matched '/session' to command name 'createSession'
[debug] &amp#27;[35m[WD Proxy]&amp#27;[39m Proxying [POST /session] to [POST http://127.0.0.1:8200/wd/hub/session] with body: {"capabilities":{"firstMatch":[{"platform":"LINUX","webStorageEnabled":false,"takesScreenshot":true,"javascriptEnabled":true,"databaseEnabled":false,"networkConnectionEnabled":true,"locationContextEnabled":false,"warnings":{},"desired":{"platformName":"android","appActivity":"flipboard.activities.LaunchActivity","appPackage":"flipboard.app","automationName":"UIAutomator2","deviceName":"Nexus:5554","noReset":false,"platformVersion":"9"},"platformName":"android","appActivity":"flipboard.activities.LaunchActivity","appPackage":"flipboard.app","automationName":"UIAutomator2","deviceName":"emulator-5554","noReset":false,"platformVersion":"9","deviceUDID":"emulator-5554"}],"alwaysMatch":{}}}
[debug] &amp#27;[35m[WD Proxy]&amp#27;[39m Got response with status 200: {"sessionId":"6e155fa7-964c-4360-a35a-54093deb3c53","value":{"capabilities":{"firstMatch":[{"platform":"LINUX","webStorageEnabled":false,"takesScreenshot":true,"javascriptEnabled":true,"databaseEnabled":false,"networkConnectionEnabled":true,"locationContextEnabled":false,"warnings":{},"desired":{"platformName":"android","appActivity":"flipboard.activities.LaunchActivity","appPackage":"flipboard.app","automationName":"UIAutomator2","deviceName":"Nexus:5554","noReset":false,"platformVersion":"9"},"platformName":"android","appActivity":"flipboard.activities.LaunchActivity","appPackage":"flipboard.app","automationName":"UIAutomator2","deviceName":"emulator-5554","noReset":false,"platformVersion":"9","deviceUDID":"emulator-5554"}],"alwaysMatch":{}},"sessionId":"6e155fa7-964c-4360-a35a-54093deb3c53"}}
&amp#27;[35m[WD Proxy]&amp#27;[39m Determined the downstream protocol as 'W3C'
[debug] &amp#27;[35m[WD Proxy]&amp#27;[39m Proxying [GET /appium/device/info] to [GET http://127.0.0.1:8200/wd/hub/session/6e155fa7-964c-4360-a35a-54093deb3c53/appium/device/info] with no body
[debug] &amp#27;[35m[WD Proxy]&amp#27;[39m Got response with status 200: {"sessionId":"6e155fa7-964c-4360-a35a-54093deb3c53","value":{"androidId":"b21e6ec596b895fc","apiVersion":"28","bluetooth":null,"brand":"google","carrierName":"Android","displayDensity":240,"locale":"en_US","manufacturer":"Google","model":"Android SDK built for x86","networks":[{"capabilities":{"SSID":null,"linkDownBandwidthKbps":1048576,"linkUpstreamBandwidthKbps":1048576,"networkCapabilities":"NET_CAPABILITY_NOT_METERED,NET_CAPABILITY_INTERNET,NET_CAPABILITY_NOT_RESTRICTED,NET_CAPABILITY_TRUSTED,NET_CAPABILITY_NOT_VPN,NET_CAPABILITY_VALIDATED,NET_CAPABILITY_NOT_ROAMING,NET_CAPABILITY_FOREGROUND,NET_CAPABILITY_NOT_CONGESTED,NET_CAPABILITY_NOT_SUSPENDED","signalStrength":-50,"transportTypes":"TRANSPORT_WIFI"},"detailedState":"CONNECTED","extraInfo":null,"isAvailable":true,"isConnected":true,"isFailover":false,"isRoaming":false,"state":"CONNECTED","subtype":0,"subtypeName":"","type":1,"typeName":"WIFI"},{"capabilities":{"SSID":null,"linkDownBandwidthKbps":102400,"linkUpstreamBandwidthKbps":51200,"networkCapa...
[debug] &amp#27;[35m[ADB]&amp#27;[39m Running '/Users/vini/Library/Android/sdk/platform-tools/adb -P 5037 -s emulator-5554 shell dumpsys window'
&amp#27;[35m[AndroidDriver]&amp#27;[39m Screen already unlocked, doing nothing
&amp#27;[35m[UiAutomator2]&amp#27;[39m Starting 'flipboard.app/flipboard.activities.LaunchActivity and waiting for 'flipboard.app/flipboard.activities.LaunchActivity'
[debug] &amp#27;[35m[ADB]&amp#27;[39m Running '/Users/vini/Library/Android/sdk/platform-tools/adb -P 5037 -s emulator-5554 shell am start -W -n flipboard.app/flipboard.activities.LaunchActivity -S -a android.intent.action.MAIN -c android.intent.category.LAUNCHER -f 0x10200000'
[debug] &amp#27;[35m[WD Proxy]&amp#27;[39m Proxying [GET /appium/device/pixel_ratio] to [GET http://127.0.0.1:8200/wd/hub/session/6e155fa7-964c-4360-a35a-54093deb3c53/appium/device/pixel_ratio] with no body
[debug] &amp#27;[35m[WD Proxy]&amp#27;[39m Got response with status 200: {"sessionId":"6e155fa7-964c-4360-a35a-54093deb3c53","value":1.5}
[debug] &amp#27;[35m[WD Proxy]&amp#27;[39m Matched '/appium/device/system_bars' to command name 'getSystemBars'
[debug] &amp#27;[35m[WD Proxy]&amp#27;[39m Proxying [GET /appium/device/system_bars] to [GET http://127.0.0.1:8200/wd/hub/session/6e155fa7-964c-4360-a35a-54093deb3c53/appium/device/system_bars] with no body
[debug] &amp#27;[35m[WD Proxy]&amp#27;[39m Got response with status 200: {"sessionId":"6e155fa7-964c-4360-a35a-54093deb3c53","value":{"statusBar":36}}
[debug] &amp#27;[35m[WD Proxy]&amp#27;[39m Matched '/window/current/size' to command name 'getWindowSize'
[debug] &amp#27;[35m[WD Proxy]&amp#27;[39m Proxying [GET /window/current/size] to [GET http://127.0.0.1:8200/wd/hub/session/6e155fa7-964c-4360-a35a-54093deb3c53/window/current/size] with no body
[debug] &amp#27;[35m[WD Proxy]&amp#27;[39m Got response with status 200: {"sessionId":"6e155fa7-964c-4360-a35a-54093deb3c53","value":{"height":800,"width":480}}
&amp#27;[35m[Appium]&amp#27;[39m New AndroidUiautomator2Driver session created successfully, session d4c84161-68f2-48a3-92ad-c042910a1e33 added to master session list
[debug] &amp#27;[35m[BaseDriver]&amp#27;[39m Event 'newSessionStarted' logged at 1650782622574 (12:13:42 GMT+0530 (India Standard Time))
[debug] &amp#27;[35m[W3C (d4c84161)]&amp#27;[39m Cached the protocol value 'W3C' for the new session d4c84161-68f2-48a3-92ad-c042910a1e33
[debug] &amp#27;[35m[W3C (d4c84161)]&amp#27;[39m Responding to client with driver.createSession() result: {"capabilities":{"platform":"LINUX","webStorageEnabled":false,"takesScreenshot":true,"javascriptEnabled":true,"databaseEnabled":false,"networkConnectionEnabled":true,"locationContextEnabled":false,"warnings":{},"desired":{"platformName":"android","appActivity":"flipboard.activities.LaunchActivity","appPackage":"flipboard.app","automationName":"UIAutomator2","deviceName":"Nexus:5554","noReset":false,"platformVersion":"9"},"platformName":"android","appActivity":"flipboard.activities.LaunchActivity","appPackage":"flipboard.app","automationName":"UIAutomator2","deviceName":"emulator-5554","noReset":false,"platformVersion":"9","deviceUDID":"emulator-5554","deviceApiLevel":28,"deviceScreenSize":"480x800","deviceScreenDensity":240,"deviceModel":"Android SDK built for x86","deviceManufacturer":"Google","pixelRatio":1.5,"statBarHeight":36,"viewportRect":{"left":0,"top":36,"width":480,"height":764}}}
&amp#27;[35m[HTTP]&amp#27;[39m &amp#27;[37m<-- POST /wd/hub/session &amp#27;[39m&amp#27;[32m200&amp#27;[39m &amp#27;[90m28099 ms - 964&amp#27;[39m
&amp#27;[35m[HTTP]&amp#27;[39m &amp#27;[90m&amp#27;[39m
&amp#27;[35m[HTTP]&amp#27;[39m &amp#27;[37m-->&amp#27;[39m &amp#27;[37mGET&amp#27;[39m &amp#27;[37m/wd/hub/session/d4c84161-68f2-48a3-92ad-c042910a1e33&amp#27;[39m
&amp#27;[35m[HTTP]&amp#27;[39m &amp#27;[90m{}&amp#27;[39m
[debug] &amp#27;[35m[W3C (d4c84161)]&amp#27;[39m Calling AppiumDriver.getSession() with args: ["d4c84161-68f2-48a3-92ad-c042910a1e33"]
[debug] &amp#27;[35m[UiAutomator2]&amp#27;[39m Getting session details from server to mix in
[debug] &amp#27;[35m[WD Proxy]&amp#27;[39m Matched '/' to command name 'getSession'
[debug] &amp#27;[35m[WD Proxy]&amp#27;[39m Proxying [GET /] to [GET http://127.0.0.1:8200/wd/hub/session/6e155fa7-964c-4360-a35a-54093deb3c53] with no body
[debug] &amp#27;[35m[WD Proxy]&amp#27;[39m Got response with status 200: {"sessionId":"6e155fa7-964c-4360-a35a-54093deb3c53","value":{"lastScrollData":null}}
[debug] &amp#27;[35m[W3C (d4c84161)]&amp#27;[39m Responding to client with driver.getSession() result: {"platform":"LINUX","webStorageEnabled":false,"takesScreenshot":true,"javascriptEnabled":true,"databaseEnabled":false,"networkConnectionEnabled":true,"locationContextEnabled":false,"warnings":{},"desired":{"platformName":"android","appActivity":"flipboard.activities.LaunchActivity","appPackage":"flipboard.app","automationName":"UIAutomator2","deviceName":"Nexus:5554","noReset":false,"platformVersion":"9"},"platformName":"android","appActivity":"flipboard.activities.LaunchActivity","appPackage":"flipboard.app","automationName":"UIAutomator2","deviceName":"emulator-5554","noReset":false,"platformVersion":"9","deviceUDID":"emulator-5554","deviceApiLevel":28,"deviceScreenSize":"480x800","deviceScreenDensity":240,"deviceModel":"Android SDK built for x86","deviceManufacturer":"Google","pixelRatio":1.5,"statBarHeight":36,"viewportRect":{"left":0,"top":36,"width":480,"height":764},"lastScrollData":null}
&amp#27;[35m[HTTP]&amp#27;[39m &amp#27;[37m<-- GET /wd/hub/session/d4c84161-68f2-48a3-92ad-c042910a1e33 &amp#27;[39m&amp#27;[32m200&amp#27;[39m &amp#27;[90m148 ms - 918&amp#27;[39m
&amp#27;[35m[HTTP]&amp#27;[39m &amp#27;[90m&amp#27;[39m
&amp#27;[35m[HTTP]&amp#27;[39m &amp#27;[37m-->&amp#27;[39m &amp#27;[37mGET&amp#27;[39m &amp#27;[37m/wd/hub/session/d4c84161-68f2-48a3-92ad-c042910a1e33&amp#27;[39m
&amp#27;[35m[HTTP]&amp#27;[39m &amp#27;[90m{}&amp#27;[39m
[debug] &amp#27;[35m[W3C (d4c84161)]&amp#27;[39m Calling AppiumDriver.getSession() with args: ["d4c84161-68f2-48a3-92ad-c042910a1e33"]
[debug] &amp#27;[35m[UiAutomator2]&amp#27;[39m Getting session details from server to mix in
[debug] &amp#27;[35m[WD Proxy]&amp#27;[39m Matched '/' to command name 'getSession'
[debug] &amp#27;[35m[WD Proxy]&amp#27;[39m Proxying [GET /] to [GET http://127.0.0.1:8200/wd/hub/session/6e155fa7-964c-4360-a35a-54093deb3c53] with no body
[debug] &amp#27;[35m[WD Proxy]&amp#27;[39m Got response with status 200: {"sessionId":"6e155fa7-964c-4360-a35a-54093deb3c53","value":{"lastScrollData":null}}
[debug] &amp#27;[35m[W3C (d4c84161)]&amp#27;[39m Responding to client with driver.getSession() result: {"platform":"LINUX","webStorageEnabled":false,"takesScreenshot":true,"javascriptEnabled":true,"databaseEnabled":false,"networkConnectionEnabled":true,"locationContextEnabled":false,"warnings":{},"desired":{"platformName":"android","appActivity":"flipboard.activities.LaunchActivity","appPackage":"flipboard.app","automationName":"UIAutomator2","deviceName":"Nexus:5554","noReset":false,"platformVersion":"9"},"platformName":"android","appActivity":"flipboard.activities.LaunchActivity","appPackage":"flipboard.app","automationName":"UIAutomator2","deviceName":"emulator-5554","noReset":false,"platformVersion":"9","deviceUDID":"emulator-5554","deviceApiLevel":28,"deviceScreenSize":"480x800","deviceScreenDensity":240,"deviceModel":"Android SDK built for x86","deviceManufacturer":"Google","pixelRatio":1.5,"statBarHeight":36,"viewportRect":{"left":0,"top":36,"width":480,"height":764},"lastScrollData":null}
&amp#27;[35m[HTTP]&amp#27;[39m &amp#27;[37m<-- GET /wd/hub/session/d4c84161-68f2-48a3-92ad-c042910a1e33 &amp#27;[39m&amp#27;[32m200&amp#27;[39m &amp#27;[90m262 ms - 918&amp#27;[39m
&amp#27;[35m[HTTP]&amp#27;[39m &amp#27;[90m&amp#27;[39m
&amp#27;[35m[HTTP]&amp#27;[39m &amp#27;[37m-->&amp#27;[39m &amp#27;[37mPOST&amp#27;[39m &amp#27;[37m/wd/hub/session/d4c84161-68f2-48a3-92ad-c042910a1e33/timeouts&amp#27;[39m
&amp#27;[35m[HTTP]&amp#27;[39m &amp#27;[90m{"implicit":20000}&amp#27;[39m
[debug] &amp#27;[35m[W3C (d4c84161)]&amp#27;[39m Calling AppiumDriver.timeouts() with args: [null,null,null,null,20000,"d4c84161-68f2-48a3-92ad-c042910a1e33"]
[debug] &amp#27;[35m[BaseDriver]&amp#27;[39m W3C timeout argument: {"implicit":20000}}
[debug] &amp#27;[35m[BaseDriver]&amp#27;[39m Set implicit wait to 20000ms
[debug] &amp#27;[35m[W3C (d4c84161)]&amp#27;[39m Responding to client with driver.timeouts() result: null
&amp#27;[35m[HTTP]&amp#27;[39m &amp#27;[37m<-- POST /wd/hub/session/d4c84161-68f2-48a3-92ad-c042910a1e33/timeouts &amp#27;[39m&amp#27;[32m200&amp#27;[39m &amp#27;[90m8 ms - 14&amp#27;[39m
&amp#27;[35m[HTTP]&amp#27;[39m &amp#27;[90m&amp#27;[39m
&amp#27;[35m[HTTP]&amp#27;[39m &amp#27;[37m-->&amp#27;[39m &amp#27;[37mGET&amp#27;[39m &amp#27;[37m/wd/hub/session/d4c84161-68f2-48a3-92ad-c042910a1e33&amp#27;[39m
&amp#27;[35m[HTTP]&amp#27;[39m &amp#27;[90m{}&amp#27;[39m
[debug] &amp#27;[35m[W3C (d4c84161)]&amp#27;[39m Calling AppiumDriver.getSession() with args: ["d4c84161-68f2-48a3-92ad-c042910a1e33"]
[debug] &amp#27;[35m[UiAutomator2]&amp#27;[39m Getting session details from server to mix in
[debug] &amp#27;[35m[WD Proxy]&amp#27;[39m Matched '/' to command name 'getSession'
[debug] &amp#27;[35m[WD Proxy]&amp#27;[39m Proxying [GET /] to [GET http://127.0.0.1:8200/wd/hub/session/6e155fa7-964c-4360-a35a-54093deb3c53] with no body
[debug] &amp#27;[35m[WD Proxy]&amp#27;[39m Got response with status 200: {"sessionId":"6e155fa7-964c-4360-a35a-54093deb3c53","value":{"lastScrollData":null}}
[debug] &amp#27;[35m[W3C (d4c84161)]&amp#27;[39m Responding to client with driver.getSession() result: {"platform":"LINUX","webStorageEnabled":false,"takesScreenshot":true,"javascriptEnabled":true,"databaseEnabled":false,"networkConnectionEnabled":true,"locationContextEnabled":false,"warnings":{},"desired":{"platformName":"android","appActivity":"flipboard.activities.LaunchActivity","appPackage":"flipboard.app","automationName":"UIAutomator2","deviceName":"Nexus:5554","noReset":false,"platformVersion":"9"},"platformName":"android","appActivity":"flipboard.activities.LaunchActivity","appPackage":"flipboard.app","automationName":"UIAutomator2","deviceName":"emulator-5554","noReset":false,"platformVersion":"9","deviceUDID":"emulator-5554","deviceApiLevel":28,"deviceScreenSize":"480x800","deviceScreenDensity":240,"deviceModel":"Android SDK built for x86","deviceManufacturer":"Google","pixelRatio":1.5,"statBarHeight":36,"viewportRect":{"left":0,"top":36,"width":480,"height":764},"lastScrollData":null}
&amp#27;[35m[HTTP]&amp#27;[39m &amp#27;[37m<-- GET /wd/hub/session/d4c84161-68f2-48a3-92ad-c042910a1e33 &amp#27;[39m&amp#27;[32m200&amp#27;[39m &amp#27;[90m33 ms - 918&amp#27;[39m
&amp#27;[35m[HTTP]&amp#27;[39m &amp#27;[90m&amp#27;[39m
&amp#27;[35m[HTTP]&amp#27;[39m &amp#27;[37m-->&amp#27;[39m &amp#27;[37mGET&amp#27;[39m &amp#27;[37m/wd/hub/session/d4c84161-68f2-48a3-92ad-c042910a1e33&amp#27;[39m
&amp#27;[35m[HTTP]&amp#27;[39m &amp#27;[90m{}&amp#27;[39m
[debug] &amp#27;[35m[W3C (d4c84161)]&amp#27;[39m Calling AppiumDriver.getSession() with args: ["d4c84161-68f2-48a3-92ad-c042910a1e33"]
[debug] &amp#27;[35m[UiAutomator2]&amp#27;[39m Getting session details from server to mix in
[debug] &amp#27;[35m[WD Proxy]&amp#27;[39m Matched '/' to command name 'getSession'
[debug] &amp#27;[35m[WD Proxy]&amp#27;[39m Proxying [GET /] to [GET http://127.0.0.1:8200/wd/hub/session/6e155fa7-964c-4360-a35a-54093deb3c53] with no body
[debug] &amp#27;[35m[WD Proxy]&amp#27;[39m Got response with status 200: {"sessionId":"6e155fa7-964c-4360-a35a-54093deb3c53","value":{"lastScrollData":null}}
[debug] &amp#27;[35m[W3C (d4c84161)]&amp#27;[39m Responding to client with driver.getSession() result: {"platform":"LINUX","webStorageEnabled":false,"takesScreenshot":true,"javascriptEnabled":true,"databaseEnabled":false,"networkConnectionEnabled":true,"locationContextEnabled":false,"warnings":{},"desired":{"platformName":"android","appActivity":"flipboard.activities.LaunchActivity","appPackage":"flipboard.app","automationName":"UIAutomator2","deviceName":"Nexus:5554","noReset":false,"platformVersion":"9"},"platformName":"android","appActivity":"flipboard.activities.LaunchActivity","appPackage":"flipboard.app","automationName":"UIAutomator2","deviceName":"emulator-5554","noReset":false,"platformVersion":"9","deviceUDID":"emulator-5554","deviceApiLevel":28,"deviceScreenSize":"480x800","deviceScreenDensity":240,"deviceModel":"Android SDK built for x86","deviceManufacturer":"Google","pixelRatio":1.5,"statBarHeight":36,"viewportRect":{"left":0,"top":36,"width":480,"height":764},"lastScrollData":null}
&amp#27;[35m[HTTP]&amp#27;[39m &amp#27;[37m<-- GET /wd/hub/session/d4c84161-68f2-48a3-92ad-c042910a1e33 &amp#27;[39m&amp#27;[32m200&amp#27;[39m &amp#27;[90m53 ms - 918&amp#27;[39m
&amp#27;[35m[HTTP]&amp#27;[39m &amp#27;[90m&amp#27;[39m
&amp#27;[35m[HTTP]&amp#27;[39m &amp#27;[37m-->&amp#27;[39m &amp#27;[37mGET&amp#27;[39m &amp#27;[37m/wd/hub/session/d4c84161-68f2-48a3-92ad-c042910a1e33&amp#27;[39m
&amp#27;[35m[HTTP]&amp#27;[39m &amp#27;[90m{}&amp#27;[39m
[debug] &amp#27;[35m[W3C (d4c84161)]&amp#27;[39m Calling AppiumDriver.getSession() with args: ["d4c84161-68f2-48a3-92ad-c042910a1e33"]
[debug] &amp#27;[35m[UiAutomator2]&amp#27;[39m Getting session details from server to mix in
[debug] &amp#27;[35m[WD Proxy]&amp#27;[39m Matched '/' to command name 'getSession'
[debug] &amp#27;[35m[WD Proxy]&amp#27;[39m Proxying [GET /] to [GET http://127.0.0.1:8200/wd/hub/session/6e155fa7-964c-4360-a35a-54093deb3c53] with no body
[debug] &amp#27;[35m[WD Proxy]&amp#27;[39m Got response with status 200: {"sessionId":"6e155fa7-964c-4360-a35a-54093deb3c53","value":{"lastScrollData":null}}
[debug] &amp#27;[35m[W3C (d4c84161)]&amp#27;[39m Responding to client with driver.getSession() result: {"platform":"LINUX","webStorageEnabled":false,"takesScreenshot":true,"javascriptEnabled":true,"databaseEnabled":false,"networkConnectionEnabled":true,"locationContextEnabled":false,"warnings":{},"desired":{"platformName":"android","appActivity":"flipboard.activities.LaunchActivity","appPackage":"flipboard.app","automationName":"UIAutomator2","deviceName":"Nexus:5554","noReset":false,"platformVersion":"9"},"platformName":"android","appActivity":"flipboard.activities.LaunchActivity","appPackage":"flipboard.app","automationName":"UIAutomator2","deviceName":"emulator-5554","noReset":false,"platformVersion":"9","deviceUDID":"emulator-5554","deviceApiLevel":28,"deviceScreenSize":"480x800","deviceScreenDensity":240,"deviceModel":"Android SDK built for x86","deviceManufacturer":"Google","pixelRatio":1.5,"statBarHeight":36,"viewportRect":{"left":0,"top":36,"width":480,"height":764},"lastScrollData":null}
&amp#27;[35m[HTTP]&amp#27;[39m &amp#27;[37m<-- GET /wd/hub/session/d4c84161-68f2-48a3-92ad-c042910a1e33 &amp#27;[39m&amp#27;[32m200&amp#27;[39m &amp#27;[90m83 ms - 918&amp#27;[39m
&amp#27;[35m[HTTP]&amp#27;[39m &amp#27;[90m&amp#27;[39m
&amp#27;[35m[HTTP]&amp#27;[39m &amp#27;[37m-->&amp#27;[39m &amp#27;[37mGET&amp#27;[39m &amp#27;[37m/wd/hub/session/d4c84161-68f2-48a3-92ad-c042910a1e33&amp#27;[39m
&amp#27;[35m[HTTP]&amp#27;[39m &amp#27;[90m{}&amp#27;[39m
[debug] &amp#27;[35m[W3C (d4c84161)]&amp#27;[39m Calling AppiumDriver.getSession() with args: ["d4c84161-68f2-48a3-92ad-c042910a1e33"]
[debug] &amp#27;[35m[UiAutomator2]&amp#27;[39m Getting session details from server to mix in
[debug] &amp#27;[35m[WD Proxy]&amp#27;[39m Matched '/' to command name 'getSession'
[debug] &amp#27;[35m[WD Proxy]&amp#27;[39m Proxying [GET /] to [GET http://127.0.0.1:8200/wd/hub/session/6e155fa7-964c-4360-a35a-54093deb3c53] with no body
[debug] &amp#27;[35m[WD Proxy]&amp#27;[39m Got response with status 200: {"sessionId":"6e155fa7-964c-4360-a35a-54093deb3c53","value":{"lastScrollData":null}}
[debug] &amp#27;[35m[W3C (d4c84161)]&amp#27;[39m Responding to client with driver.getSession() result: {"platform":"LINUX","webStorageEnabled":false,"takesScreenshot":true,"javascriptEnabled":true,"databaseEnabled":false,"networkConnectionEnabled":true,"locationContextEnabled":false,"warnings":{},"desired":{"platformName":"android","appActivity":"flipboard.activities.LaunchActivity","appPackage":"flipboard.app","automationName":"UIAutomator2","deviceName":"Nexus:5554","noReset":false,"platformVersion":"9"},"platformName":"android","appActivity":"flipboard.activities.LaunchActivity","appPackage":"flipboard.app","automationName":"UIAutomator2","deviceName":"emulator-5554","noReset":false,"platformVersion":"9","deviceUDID":"emulator-5554","deviceApiLevel":28,"deviceScreenSize":"480x800","deviceScreenDensity":240,"deviceModel":"Android SDK built for x86","deviceManufacturer":"Google","pixelRatio":1.5,"statBarHeight":36,"viewportRect":{"left":0,"top":36,"width":480,"height":764},"lastScrollData":null}
&amp#27;[35m[HTTP]&amp#27;[39m &amp#27;[37m<-- GET /wd/hub/session/d4c84161-68f2-48a3-92ad-c042910a1e33 &amp#27;[39m&amp#27;[32m200&amp#27;[39m &amp#27;[90m53 ms - 918&amp#27;[39m
&amp#27;[35m[HTTP]&amp#27;[39m &amp#27;[90m&amp#27;[39m
&amp#27;[35m[HTTP]&amp#27;[39m &amp#27;[37m-->&amp#27;[39m &amp#27;[37mGET&amp#27;[39m &amp#27;[37m/wd/hub/session/d4c84161-68f2-48a3-92ad-c042910a1e33&amp#27;[39m
&amp#27;[35m[HTTP]&amp#27;[39m &amp#27;[90m{}&amp#27;[39m
[debug] &amp#27;[35m[W3C (d4c84161)]&amp#27;[39m Calling AppiumDriver.getSession() with args: ["d4c84161-68f2-48a3-92ad-c042910a1e33"]
[debug] &amp#27;[35m[UiAutomator2]&amp#27;[39m Getting session details from server to mix in
[debug] &amp#27;[35m[WD Proxy]&amp#27;[39m Matched '/' to command name 'getSession'
[debug] &amp#27;[35m[WD Proxy]&amp#27;[39m Proxying [GET /] to [GET http://127.0.0.1:8200/wd/hub/session/6e155fa7-964c-4360-a35a-54093deb3c53] with no body
[debug] &amp#27;[35m[WD Proxy]&amp#27;[39m Got response with status 200: {"sessionId":"6e155fa7-964c-4360-a35a-54093deb3c53","value":{"lastScrollData":null}}
[debug] &amp#27;[35m[W3C (d4c84161)]&amp#27;[39m Responding to client with driver.getSession() result: {"platform":"LINUX","webStorageEnabled":false,"takesScreenshot":true,"javascriptEnabled":true,"databaseEnabled":false,"networkConnectionEnabled":true,"locationContextEnabled":false,"warnings":{},"desired":{"platformName":"android","appActivity":"flipboard.activities.LaunchActivity","appPackage":"flipboard.app","automationName":"UIAutomator2","deviceName":"Nexus:5554","noReset":false,"platformVersion":"9"},"platformName":"android","appActivity":"flipboard.activities.LaunchActivity","appPackage":"flipboard.app","automationName":"UIAutomator2","deviceName":"emulator-5554","noReset":false,"platformVersion":"9","deviceUDID":"emulator-5554","deviceApiLevel":28,"deviceScreenSize":"480x800","deviceScreenDensity":240,"deviceModel":"Android SDK built for x86","deviceManufacturer":"Google","pixelRatio":1.5,"statBarHeight":36,"viewportRect":{"left":0,"top":36,"width":480,"height":764},"lastScrollData":null}
&amp#27;[35m[HTTP]&amp#27;[39m &amp#27;[37m<-- GET /wd/hub/session/d4c84161-68f2-48a3-92ad-c042910a1e33 &amp#27;[39m&amp#27;[32m200&amp#27;[39m &amp#27;[90m31 ms - 918&amp#27;[39m
&amp#27;[35m[HTTP]&amp#27;[39m &amp#27;[90m&amp#27;[39m
&amp#27;[35m[HTTP]&amp#27;[39m &amp#27;[37m-->&amp#27;[39m &amp#27;[37mGET&amp#27;[39m &amp#27;[37m/wd/hub/session/d4c84161-68f2-48a3-92ad-c042910a1e33&amp#27;[39m
&amp#27;[35m[HTTP]&amp#27;[39m &amp#27;[90m{}&amp#27;[39m
[debug] &amp#27;[35m[W3C (d4c84161)]&amp#27;[39m Calling AppiumDriver.getSession() with args: ["d4c84161-68f2-48a3-92ad-c042910a1e33"]
[debug] &amp#27;[35m[UiAutomator2]&amp#27;[39m Getting session details from server to mix in
[debug] &amp#27;[35m[WD Proxy]&amp#27;[39m Matched '/' to command name 'getSession'
[debug] &amp#27;[35m[WD Proxy]&amp#27;[39m Proxying [GET /] to [GET http://127.0.0.1:8200/wd/hub/session/6e155fa7-964c-4360-a35a-54093deb3c53] with no body
[debug] &amp#27;[35m[WD Proxy]&amp#27;[39m Got response with status 200: {"sessionId":"6e155fa7-964c-4360-a35a-54093deb3c53","value":{"lastScrollData":null}}
[debug] &amp#27;[35m[W3C (d4c84161)]&amp#27;[39m Responding to client with driver.getSession() result: {"platform":"LINUX","webStorageEnabled":false,"takesScreenshot":true,"javascriptEnabled":true,"databaseEnabled":false,"networkConnectionEnabled":true,"locationContextEnabled":false,"warnings":{},"desired":{"platformName":"android","appActivity":"flipboard.activities.LaunchActivity","appPackage":"flipboard.app","automationName":"UIAutomator2","deviceName":"Nexus:5554","noReset":false,"platformVersion":"9"},"platformName":"android","appActivity":"flipboard.activities.LaunchActivity","appPackage":"flipboard.app","automationName":"UIAutomator2","deviceName":"emulator-5554","noReset":false,"platformVersion":"9","deviceUDID":"emulator-5554","deviceApiLevel":28,"deviceScreenSize":"480x800","deviceScreenDensity":240,"deviceModel":"Android SDK built for x86","deviceManufacturer":"Google","pixelRatio":1.5,"statBarHeight":36,"viewportRect":{"left":0,"top":36,"width":480,"height":764},"lastScrollData":null}
&amp#27;[35m[HTTP]&amp#27;[39m &amp#27;[37m<-- GET /wd/hub/session/d4c84161-68f2-48a3-92ad-c042910a1e33 &amp#27;[39m&amp#27;[32m200&amp#27;[39m &amp#27;[90m55 ms - 918&amp#27;[39m
&amp#27;[35m[HTTP]&amp#27;[39m &amp#27;[90m&amp#27;[39m
&amp#27;[35m[HTTP]&amp#27;[39m &amp#27;[37m-->&amp#27;[39m &amp#27;[37mGET&amp#27;[39m &amp#27;[37m/wd/hub/session/d4c84161-68f2-48a3-92ad-c042910a1e33&amp#27;[39m
&amp#27;[35m[HTTP]&amp#27;[39m &amp#27;[90m{}&amp#27;[39m
[debug] &amp#27;[35m[W3C (d4c84161)]&amp#27;[39m Calling AppiumDriver.getSession() with args: ["d4c84161-68f2-48a3-92ad-c042910a1e33"]
[debug] &amp#27;[35m[UiAutomator2]&amp#27;[39m Getting session details from server to mix in
[debug] &amp#27;[35m[WD Proxy]&amp#27;[39m Matched '/' to command name 'getSession'
[debug] &amp#27;[35m[WD Proxy]&amp#27;[39m Proxying [GET /] to [GET http://127.0.0.1:8200/wd/hub/session/6e155fa7-964c-4360-a35a-54093deb3c53] with no body
[debug] &amp#27;[35m[WD Proxy]&amp#27;[39m Got response with status 200: {"sessionId":"6e155fa7-964c-4360-a35a-54093deb3c53","value":{"lastScrollData":null}}
[debug] &amp#27;[35m[W3C (d4c84161)]&amp#27;[39m Responding to client with driver.getSession() result: {"platform":"LINUX","webStorageEnabled":false,"takesScreenshot":true,"javascriptEnabled":true,"databaseEnabled":false,"networkConnectionEnabled":true,"locationContextEnabled":false,"warnings":{},"desired":{"platformName":"android","appActivity":"flipboard.activities.LaunchActivity","appPackage":"flipboard.app","automationName":"UIAutomator2","deviceName":"Nexus:5554","noReset":false,"platformVersion":"9"},"platformName":"android","appActivity":"flipboard.activities.LaunchActivity","appPackage":"flipboard.app","automationName":"UIAutomator2","deviceName":"emulator-5554","noReset":false,"platformVersion":"9","deviceUDID":"emulator-5554","deviceApiLevel":28,"deviceScreenSize":"480x800","deviceScreenDensity":240,"deviceModel":"Android SDK built for x86","deviceManufacturer":"Google","pixelRatio":1.5,"statBarHeight":36,"viewportRect":{"left":0,"top":36,"width":480,"height":764},"lastScrollData":null}
&amp#27;[35m[HTTP]&amp#27;[39m &amp#27;[37m<-- GET /wd/hub/session/d4c84161-68f2-48a3-92ad-c042910a1e33 &amp#27;[39m&amp#27;[32m200&amp#27;[39m &amp#27;[90m35 ms - 918&amp#27;[39m
&amp#27;[35m[HTTP]&amp#27;[39m &amp#27;[90m&amp#27;[39m
&amp#27;[35m[HTTP]&amp#27;[39m &amp#27;[37m-->&amp#27;[39m &amp#27;[37mGET&amp#27;[39m &amp#27;[37m/wd/hub/session/d4c84161-68f2-48a3-92ad-c042910a1e33&amp#27;[39m
&amp#27;[35m[HTTP]&amp#27;[39m &amp#27;[90m{}&amp#27;[39m
[debug] &amp#27;[35m[W3C (d4c84161)]&amp#27;[39m Calling AppiumDriver.getSession() with args: ["d4c84161-68f2-48a3-92ad-c042910a1e33"]
[debug] &amp#27;[35m[UiAutomator2]&amp#27;[39m Getting session details from server to mix in
[debug] &amp#27;[35m[WD Proxy]&amp#27;[39m Matched '/' to command name 'getSession'
[debug] &amp#27;[35m[WD Proxy]&amp#27;[39m Proxying [GET /] to [GET http://127.0.0.1:8200/wd/hub/session/6e155fa7-964c-4360-a35a-54093deb3c53] with no body
[debug] &amp#27;[35m[WD Proxy]&amp#27;[39m Got response with status 200: {"sessionId":"6e155fa7-964c-4360-a35a-54093deb3c53","value":{"lastScrollData":null}}
[debug] &amp#27;[35m[W3C (d4c84161)]&amp#27;[39m Responding to client with driver.getSession() result: {"platform":"LINUX","webStorageEnabled":false,"takesScreenshot":true,"javascriptEnabled":true,"databaseEnabled":false,"networkConnectionEnabled":true,"locationContextEnabled":false,"warnings":{},"desired":{"platformName":"android","appActivity":"flipboard.activities.LaunchActivity","appPackage":"flipboard.app","automationName":"UIAutomator2","deviceName":"Nexus:5554","noReset":false,"platformVersion":"9"},"platformName":"android","appActivity":"flipboard.activities.LaunchActivity","appPackage":"flipboard.app","automationName":"UIAutomator2","deviceName":"emulator-5554","noReset":false,"platformVersion":"9","deviceUDID":"emulator-5554","deviceApiLevel":28,"deviceScreenSize":"480x800","deviceScreenDensity":240,"deviceModel":"Android SDK built for x86","deviceManufacturer":"Google","pixelRatio":1.5,"statBarHeight":36,"viewportRect":{"left":0,"top":36,"width":480,"height":764},"lastScrollData":null}
&amp#27;[35m[HTTP]&amp#27;[39m &amp#27;[37m<-- GET /wd/hub/session/d4c84161-68f2-48a3-92ad-c042910a1e33 &amp#27;[39m&amp#27;[32m200&amp#27;[39m &amp#27;[90m91 ms - 918&amp#27;[39m
&amp#27;[35m[HTTP]&amp#27;[39m &amp#27;[90m&amp#27;[39m
&amp#27;[35m[HTTP]&amp#27;[39m &amp#27;[37m-->&amp#27;[39m &amp#27;[37mGET&amp#27;[39m &amp#27;[37m/wd/hub/session/d4c84161-68f2-48a3-92ad-c042910a1e33&amp#27;[39m
&amp#27;[35m[HTTP]&amp#27;[39m &amp#27;[90m{}&amp#27;[39m
[debug] &amp#27;[35m[W3C (d4c84161)]&amp#27;[39m Calling AppiumDriver.getSession() with args: ["d4c84161-68f2-48a3-92ad-c042910a1e33"]
[debug] &amp#27;[35m[UiAutomator2]&amp#27;[39m Getting session details from server to mix in
[debug] &amp#27;[35m[WD Proxy]&amp#27;[39m Matched '/' to command name 'getSession'
[debug] &amp#27;[35m[WD Proxy]&amp#27;[39m Proxying [GET /] to [GET http://127.0.0.1:8200/wd/hub/session/6e155fa7-964c-4360-a35a-54093deb3c53] with no body
[debug] &amp#27;[35m[WD Proxy]&amp#27;[39m Got response with status 200: {"sessionId":"6e155fa7-964c-4360-a35a-54093deb3c53","value":{"lastScrollData":null}}
[debug] &amp#27;[35m[W3C (d4c84161)]&amp#27;[39m Responding to client with driver.getSession() result: {"platform":"LINUX","webStorageEnabled":false,"takesScreenshot":true,"javascriptEnabled":true,"databaseEnabled":false,"networkConnectionEnabled":true,"locationContextEnabled":false,"warnings":{},"desired":{"platformName":"android","appActivity":"flipboard.activities.LaunchActivity","appPackage":"flipboard.app","automationName":"UIAutomator2","deviceName":"Nexus:5554","noReset":false,"platformVersion":"9"},"platformName":"android","appActivity":"flipboard.activities.LaunchActivity","appPackage":"flipboard.app","automationName":"UIAutomator2","deviceName":"emulator-5554","noReset":false,"platformVersion":"9","deviceUDID":"emulator-5554","deviceApiLevel":28,"deviceScreenSize":"480x800","deviceScreenDensity":240,"deviceModel":"Android SDK built for x86","deviceManufacturer":"Google","pixelRatio":1.5,"statBarHeight":36,"viewportRect":{"left":0,"top":36,"width":480,"height":764},"lastScrollData":null}
&amp#27;[35m[HTTP]&amp#27;[39m &amp#27;[37m<-- GET /wd/hub/session/d4c84161-68f2-48a3-92ad-c042910a1e33 &amp#27;[39m&amp#27;[32m200&amp#27;[39m &amp#27;[90m47 ms - 918&amp#27;[39m
&amp#27;[35m[HTTP]&amp#27;[39m &amp#27;[90m&amp#27;[39m
&amp#27;[35m[HTTP]&amp#27;[39m &amp#27;[37m-->&amp#27;[39m &amp#27;[37mPOST&amp#27;[39m &amp#27;[37m/wd/hub/session/d4c84161-68f2-48a3-92ad-c042910a1e33/element&amp#27;[39m
&amp#27;[35m[HTTP]&amp#27;[39m &amp#27;[90m{"using":"id","value":"flipboard.app:id/icon_button_text"}&amp#27;[39m
[debug] &amp#27;[35m[W3C (d4c84161)]&amp#27;[39m Calling AppiumDriver.findElement() with args: ["id","flipboard.app:id/icon_button_text","d4c84161-68f2-48a3-92ad-c042910a1e33"]
[debug] &amp#27;[35m[BaseDriver]&amp#27;[39m Valid locator strategies for this request: xpath, id, class name, accessibility id, css selector, -android uiautomator
[debug] &amp#27;[35m[BaseDriver]&amp#27;[39m Waiting up to 20000 ms for condition
[debug] &amp#27;[35m[WD Proxy]&amp#27;[39m Matched '/element' to command name 'findElement'
[debug] &amp#27;[35m[WD Proxy]&amp#27;[39m Proxying [POST /element] to [POST http://127.0.0.1:8200/wd/hub/session/6e155fa7-964c-4360-a35a-54093deb3c53/element] with body: {"strategy":"id","selector":"flipboard.app:id/icon_button_text","context":"","multiple":false}
[debug] &amp#27;[35m[WD Proxy]&amp#27;[39m Got response with status 200: {"sessionId":"6e155fa7-964c-4360-a35a-54093deb3c53","value":{"ELEMENT":"8975654e-be21-4ea1-bbe4-6d572783c8ab","element-6066-11e4-a52e-4f735466cecf":"8975654e-be21-4ea1-bbe4-6d572783c8ab"}}
[debug] &amp#27;[35m[W3C (d4c84161)]&amp#27;[39m Responding to client with driver.findElement() result: {"element-6066-11e4-a52e-4f735466cecf":"8975654e-be21-4ea1-bbe4-6d572783c8ab","ELEMENT":"8975654e-be21-4ea1-bbe4-6d572783c8ab"}
&amp#27;[35m[HTTP]&amp#27;[39m &amp#27;[37m<-- POST /wd/hub/session/d4c84161-68f2-48a3-92ad-c042910a1e33/element &amp#27;[39m&amp#27;[32m200&amp#27;[39m &amp#27;[90m164 ms - 137&amp#27;[39m
&amp#27;[35m[HTTP]&amp#27;[39m &amp#27;[90m&amp#27;[39m
&amp#27;[35m[HTTP]&amp#27;[39m &amp#27;[37m-->&amp#27;[39m &amp#27;[37mPOST&amp#27;[39m &amp#27;[37m/wd/hub/session/d4c84161-68f2-48a3-92ad-c042910a1e33/element/8975654e-be21-4ea1-bbe4-6d572783c8ab/click&amp#27;[39m
&amp#27;[35m[HTTP]&amp#27;[39m &amp#27;[90m{"id":"8975654e-be21-4ea1-bbe4-6d572783c8ab"}&amp#27;[39m
[debug] &amp#27;[35m[W3C (d4c84161)]&amp#27;[39m Calling AppiumDriver.click() with args: ["8975654e-be21-4ea1-bbe4-6d572783c8ab","d4c84161-68f2-48a3-92ad-c042910a1e33"]
[debug] &amp#27;[35m[WD Proxy]&amp#27;[39m Matched '/element/8975654e-be21-4ea1-bbe4-6d572783c8ab/click' to command name 'click'
[debug] &amp#27;[35m[WD Proxy]&amp#27;[39m Proxying [POST /element/8975654e-be21-4ea1-bbe4-6d572783c8ab/click] to [POST http://127.0.0.1:8200/wd/hub/session/6e155fa7-964c-4360-a35a-54093deb3c53/element/8975654e-be21-4ea1-bbe4-6d572783c8ab/click] with body: {"element":"8975654e-be21-4ea1-bbe4-6d572783c8ab"}
[debug] &amp#27;[35m[WD Proxy]&amp#27;[39m Got response with status 200: {"sessionId":"6e155fa7-964c-4360-a35a-54093deb3c53","value":null}
[debug] &amp#27;[35m[W3C (d4c84161)]&amp#27;[39m Responding to client with driver.click() result: null
&amp#27;[35m[HTTP]&amp#27;[39m &amp#27;[37m<-- POST /wd/hub/session/d4c84161-68f2-48a3-92ad-c042910a1e33/element/8975654e-be21-4ea1-bbe4-6d572783c8ab/click &amp#27;[39m&amp#27;[32m200&amp#27;[39m &amp#27;[90m174 ms - 14&amp#27;[39m
&amp#27;[35m[HTTP]&amp#27;[39m &amp#27;[90m&amp#27;[39m
&amp#27;[35m[HTTP]&amp#27;[39m &amp#27;[37m-->&amp#27;[39m &amp#27;[37mGET&amp#27;[39m &amp#27;[37m/wd/hub/session/d4c84161-68f2-48a3-92ad-c042910a1e33&amp#27;[39m
&amp#27;[35m[HTTP]&amp#27;[39m &amp#27;[90m{}&amp#27;[39m
[debug] &amp#27;[35m[W3C (d4c84161)]&amp#27;[39m Calling AppiumDriver.getSession() with args: ["d4c84161-68f2-48a3-92ad-c042910a1e33"]
[debug] &amp#27;[35m[UiAutomator2]&amp#27;[39m Getting session details from server to mix in
[debug] &amp#27;[35m[WD Proxy]&amp#27;[39m Matched '/' to command name 'getSession'
[debug] &amp#27;[35m[WD Proxy]&amp#27;[39m Proxying [GET /] to [GET http://127.0.0.1:8200/wd/hub/session/6e155fa7-964c-4360-a35a-54093deb3c53] with no body
[debug] &amp#27;[35m[WD Proxy]&amp#27;[39m Got response with status 200: {"sessionId":"6e155fa7-964c-4360-a35a-54093deb3c53","value":{"lastScrollData":null}}
[debug] &amp#27;[35m[W3C (d4c84161)]&amp#27;[39m Responding to client with driver.getSession() result: {"platform":"LINUX","webStorageEnabled":false,"takesScreenshot":true,"javascriptEnabled":true,"databaseEnabled":false,"networkConnectionEnabled":true,"locationContextEnabled":false,"warnings":{},"desired":{"platformName":"android","appActivity":"flipboard.activities.LaunchActivity","appPackage":"flipboard.app","automationName":"UIAutomator2","deviceName":"Nexus:5554","noReset":false,"platformVersion":"9"},"platformName":"android","appActivity":"flipboard.activities.LaunchActivity","appPackage":"flipboard.app","automationName":"UIAutomator2","deviceName":"emulator-5554","noReset":false,"platformVersion":"9","deviceUDID":"emulator-5554","deviceApiLevel":28,"deviceScreenSize":"480x800","deviceScreenDensity":240,"deviceModel":"Android SDK built for x86","deviceManufacturer":"Google","pixelRatio":1.5,"statBarHeight":36,"viewportRect":{"left":0,"top":36,"width":480,"height":764},"lastScrollData":null}
&amp#27;[35m[HTTP]&amp#27;[39m &amp#27;[37m<-- GET /wd/hub/session/d4c84161-68f2-48a3-92ad-c042910a1e33 &amp#27;[39m&amp#27;[32m200&amp#27;[39m &amp#27;[90m123 ms - 918&amp#27;[39m
&amp#27;[35m[HTTP]&amp#27;[39m &amp#27;[90m&amp#27;[39m
&amp#27;[35m[HTTP]&amp#27;[39m &amp#27;[37m-->&amp#27;[39m &amp#27;[37mGET&amp#27;[39m &amp#27;[37m/wd/hub/session/d4c84161-68f2-48a3-92ad-c042910a1e33&amp#27;[39m
&amp#27;[35m[HTTP]&amp#27;[39m &amp#27;[90m{}&amp#27;[39m
[debug] &amp#27;[35m[W3C (d4c84161)]&amp#27;[39m Calling AppiumDriver.getSession() with args: ["d4c84161-68f2-48a3-92ad-c042910a1e33"]
[debug] &amp#27;[35m[UiAutomator2]&amp#27;[39m Getting session details from server to mix in
[debug] &amp#27;[35m[WD Proxy]&amp#27;[39m Matched '/' to command name 'getSession'
[debug] &amp#27;[35m[WD Proxy]&amp#27;[39m Proxying [GET /] to [GET http://127.0.0.1:8200/wd/hub/session/6e155fa7-964c-4360-a35a-54093deb3c53] with no body
[debug] &amp#27;[35m[WD Proxy]&amp#27;[39m Got response with status 200: {"sessionId":"6e155fa7-964c-4360-a35a-54093deb3c53","value":{"lastScrollData":null}}
[debug] &amp#27;[35m[W3C (d4c84161)]&amp#27;[39m Responding to client with driver.getSession() result: {"platform":"LINUX","webStorageEnabled":false,"takesScreenshot":true,"javascriptEnabled":true,"databaseEnabled":false,"networkConnectionEnabled":true,"locationContextEnabled":false,"warnings":{},"desired":{"platformName":"android","appActivity":"flipboard.activities.LaunchActivity","appPackage":"flipboard.app","automationName":"UIAutomator2","deviceName":"Nexus:5554","noReset":false,"platformVersion":"9"},"platformName":"android","appActivity":"flipboard.activities.LaunchActivity","appPackage":"flipboard.app","automationName":"UIAutomator2","deviceName":"emulator-5554","noReset":false,"platformVersion":"9","deviceUDID":"emulator-5554","deviceApiLevel":28,"deviceScreenSize":"480x800","deviceScreenDensity":240,"deviceModel":"Android SDK built for x86","deviceManufacturer":"Google","pixelRatio":1.5,"statBarHeight":36,"viewportRect":{"left":0,"top":36,"width":480,"height":764},"lastScrollData":null}
&amp#27;[35m[HTTP]&amp#27;[39m &amp#27;[37m<-- GET /wd/hub/session/d4c84161-68f2-48a3-92ad-c042910a1e33 &amp#27;[39m&amp#27;[32m200&amp#27;[39m &amp#27;[90m171 ms - 918&amp#27;[39m
&amp#27;[35m[HTTP]&amp#27;[39m &amp#27;[90m&amp#27;[39m
04-24-2022 12:13:46 TestBase.java INFO  [main] base.TestBase 65 - Test case execution completed........
]]></system-out>
    <system-err><![CDATA[SLF4J: Failed to load class "org.slf4j.impl.StaticLoggerBinder".
SLF4J: Defaulting to no-operation (NOP) logger implementation
SLF4J: See http://www.slf4j.org/codes.html#StaticLoggerBinder for further details.
Apr 24, 2022 12:13:42 PM io.appium.java_client.remote.AppiumCommandExecutor$1 lambda$0
INFO: Detected dialect: W3C
]]></system-err>
  </testcase>
  <testcase name="runScenario[&quot;: Click on continue button and select topics&quot;, &quot;Login Feature&quot;](2)" classname="com.automation.framework.runner.RunCuke" time="33.232">
    <system-out><![CDATA[&amp#27;[35m[Appium]&amp#27;[39m Welcome to Appium v1.19.1
&amp#27;[35m[Appium]&amp#27;[39m Non-default server args:
&amp#27;[35m[Appium]&amp#27;[39m   logFile: /Users/vini/appiumbatch-workspace/appiumweekendbatch/AppiumCucumberFramework/src/test/resources/logs/appiumlogs.txt
&amp#27;[35m[Appium]&amp#27;[39m   localTimezone: true
&amp#27;[35m[Appium]&amp#27;[39m Appium REST http interface listener started on 0.0.0.0:4723
&amp#27;[35m[HTTP]&amp#27;[39m &amp#27;[37m-->&amp#27;[39m &amp#27;[37mGET&amp#27;[39m &amp#27;[37m/wd/hub/status&amp#27;[39m
&amp#27;[35m[HTTP]&amp#27;[39m &amp#27;[90m{}&amp#27;[39m
[debug] &amp#27;[35m[GENERIC]&amp#27;[39m Calling AppiumDriver.getStatus() with args: []
[debug] &amp#27;[35m[GENERIC]&amp#27;[39m Responding to client with driver.getStatus() result: {"build":{"version":"1.19.1"}}
&amp#27;[35m[HTTP]&amp#27;[39m &amp#27;[37m<-- GET /wd/hub/status &amp#27;[39m&amp#27;[32m200&amp#27;[39m &amp#27;[90m26 ms - 68&amp#27;[39m
&amp#27;[35m[HTTP]&amp#27;[39m &amp#27;[90m&amp#27;[39m
04-24-2022 12:13:53 TestBase.java INFO  [main] base.TestBase 31 - Android_Flipboard.properties Propeties file loaded for android.....
&amp#27;[35m[HTTP]&amp#27;[39m &amp#27;[37m-->&amp#27;[39m &amp#27;[37mPOST&amp#27;[39m &amp#27;[37m/wd/hub/session&amp#27;[39m
&amp#27;[35m[HTTP]&amp#27;[39m &amp#27;[90m{"desiredCapabilities":{"appActivity":"flipboard.activities.LaunchActivity","appPackage":"flipboard.app","noReset":false,"platformVersion":"9","automationName":"UIAutomator2","platformName":"Android","deviceName":"Nexus:5554"},"capabilities":{"firstMatch":[{"appium:appActivity":"flipboard.activities.LaunchActivity","appium:appPackage":"flipboard.app","appium:automationName":"UIAutomator2","appium:deviceName":"Nexus:5554","appium:noReset":false,"platformName":"android","appium:platformVersion":"9"}]}}&amp#27;[39m
[debug] &amp#27;[35m[W3C]&amp#27;[39m Calling AppiumDriver.createSession() with args: [{"appActivity":"flipboard.activities.LaunchActivity","appPackage":"flipboard.app","noReset":false,"platformVersion":"9","automationName":"UIAutomator2","platformName":"Android","deviceName":"Nexus:5554"},null,{"firstMatch":[{"appium:appActivity":"flipboard.activities.LaunchActivity","appium:appPackage":"flipboard.app","appium:automationName":"UIAutomator2","appium:deviceName":"Nexus:5554","appium:noReset":false,"platformName":"android","appium:platformVersion":"9"}]}]
[debug] &amp#27;[35m[BaseDriver]&amp#27;[39m Event 'newSessionRequested' logged at 1650782633751 (12:13:53 GMT+0530 (India Standard Time))
&amp#27;[35m[Appium]&amp#27;[39m Appium v1.19.1 creating new AndroidUiautomator2Driver (v1.59.0) session
[debug] &amp#27;[35m[BaseDriver]&amp#27;[39m W3C capabilities and MJSONWP desired capabilities were provided
[debug] &amp#27;[35m[BaseDriver]&amp#27;[39m Creating session with W3C capabilities: {
[debug] &amp#27;[35m[BaseDriver]&amp#27;[39m   "alwaysMatch": {
[debug] &amp#27;[35m[BaseDriver]&amp#27;[39m     "platformName": "android",
[debug] &amp#27;[35m[BaseDriver]&amp#27;[39m     "appium:appActivity": "flipboard.activities.LaunchActivity",
[debug] &amp#27;[35m[BaseDriver]&amp#27;[39m     "appium:appPackage": "flipboard.app",
[debug] &amp#27;[35m[BaseDriver]&amp#27;[39m     "appium:automationName": "UIAutomator2",
[debug] &amp#27;[35m[BaseDriver]&amp#27;[39m     "appium:deviceName": "Nexus:5554",
[debug] &amp#27;[35m[BaseDriver]&amp#27;[39m     "appium:noReset": false,
[debug] &amp#27;[35m[BaseDriver]&amp#27;[39m     "appium:platformVersion": "9"
[debug] &amp#27;[35m[BaseDriver]&amp#27;[39m   },
[debug] &amp#27;[35m[BaseDriver]&amp#27;[39m   "firstMatch": [
[debug] &amp#27;[35m[BaseDriver]&amp#27;[39m     {}
[debug] &amp#27;[35m[BaseDriver]&amp#27;[39m   ]
[debug] &amp#27;[35m[BaseDriver]&amp#27;[39m }
&amp#27;[35m[BaseDriver]&amp#27;[39m Session created with session id: 5582905f-e186-447f-aff1-3e590f93b11f
&amp#27;[35m[UiAutomator2]&amp#27;[39m Starting 'flipboard.app' directly on the device
&amp#27;[35m[ADB]&amp#27;[39m Found 3 'build-tools' folders under '/Users/vini/Library/Android/sdk/' (newest first):
&amp#27;[35m[ADB]&amp#27;[39m     /Users/vini/Library/Android/sdk/build-tools/30.0.2
&amp#27;[35m[ADB]&amp#27;[39m     /Users/vini/Library/Android/sdk/build-tools/28.0.1
&amp#27;[35m[ADB]&amp#27;[39m     /Users/vini/Library/Android/sdk/build-tools/27.0.3
&amp#27;[35m[ADB]&amp#27;[39m Using 'adb' from '/Users/vini/Library/Android/sdk/platform-tools/adb'
[debug] &amp#27;[35m[ADB]&amp#27;[39m Running '/Users/vini/Library/Android/sdk/platform-tools/adb -P 5037 start-server'
&amp#27;[35m[AndroidDriver]&amp#27;[39m Retrieving device list
[debug] &amp#27;[35m[ADB]&amp#27;[39m Trying to find a connected android device
[debug] &amp#27;[35m[ADB]&amp#27;[39m Getting connected devices
[debug] &amp#27;[35m[ADB]&amp#27;[39m Connected devices: [{"udid":"emulator-5554","state":"device"}]
&amp#27;[35m[AndroidDriver]&amp#27;[39m Looking for a device with Android '9.0.0'
[debug] &amp#27;[35m[ADB]&amp#27;[39m Setting device id to emulator-5554
&amp#27;[35m[ADB]&amp#27;[39m Getting device platform version
[debug] &amp#27;[35m[ADB]&amp#27;[39m Running '/Users/vini/Library/Android/sdk/platform-tools/adb -P 5037 -s emulator-5554 shell getprop ro.build.version.release'
[debug] &amp#27;[35m[ADB]&amp#27;[39m Current device property 'ro.build.version.release': 9
&amp#27;[35m[AndroidDriver]&amp#27;[39m Using device: emulator-5554
&amp#27;[35m[ADB]&amp#27;[39m Using 'adb' from '/Users/vini/Library/Android/sdk/platform-tools/adb'
[debug] &amp#27;[35m[ADB]&amp#27;[39m Running '/Users/vini/Library/Android/sdk/platform-tools/adb -P 5037 start-server'
[debug] &amp#27;[35m[ADB]&amp#27;[39m Setting device id to emulator-5554
[debug] &amp#27;[35m[ADB]&amp#27;[39m Running '/Users/vini/Library/Android/sdk/platform-tools/adb -P 5037 -s emulator-5554 shell getprop ro.build.version.sdk'
[debug] &amp#27;[35m[ADB]&amp#27;[39m Current device property 'ro.build.version.sdk': 28
&amp#27;[35m[ADB]&amp#27;[39m Getting device platform version
[debug] &amp#27;[35m[ADB]&amp#27;[39m Running '/Users/vini/Library/Android/sdk/platform-tools/adb -P 5037 -s emulator-5554 shell getprop ro.build.version.release'
[debug] &amp#27;[35m[ADB]&amp#27;[39m Current device property 'ro.build.version.release': 9
[debug] &amp#27;[35m[ADB]&amp#27;[39m Device API level: 28
&amp#27;[35m[UiAutomator2]&amp#27;[39m Relaxing hidden api policy
[debug] &amp#27;[35m[ADB]&amp#27;[39m Running '/Users/vini/Library/Android/sdk/platform-tools/adb -P 5037 -s emulator-5554 shell 'settings put global hidden_api_policy_pre_p_apps 1;settings put global hidden_api_policy_p_apps 1;settings put global hidden_api_policy 1''
&amp#27;[35m[AndroidDriver]&amp#27;[39m No app sent in, not parsing package/activity
[debug] &amp#27;[35m[ADB]&amp#27;[39m Running '/Users/vini/Library/Android/sdk/platform-tools/adb -P 5037 -s emulator-5554 wait-for-device'
[debug] &amp#27;[35m[ADB]&amp#27;[39m Running '/Users/vini/Library/Android/sdk/platform-tools/adb -P 5037 -s emulator-5554 shell echo ping'
[debug] &amp#27;[35m[AndroidDriver]&amp#27;[39m Pushing settings apk to device...
[debug] &amp#27;[35m[ADB]&amp#27;[39m Getting install status for io.appium.settings
[debug] &amp#27;[35m[ADB]&amp#27;[39m Running '/Users/vini/Library/Android/sdk/platform-tools/adb -P 5037 -s emulator-5554 shell dumpsys package io.appium.settings'
[debug] &amp#27;[35m[ADB]&amp#27;[39m 'io.appium.settings' is installed
[debug] &amp#27;[35m[ADB]&amp#27;[39m Getting package info for 'io.appium.settings'
[debug] &amp#27;[35m[ADB]&amp#27;[39m Running '/Users/vini/Library/Android/sdk/platform-tools/adb -P 5037 -s emulator-5554 shell dumpsys package io.appium.settings'
[debug] &amp#27;[35m[ADB]&amp#27;[39m The version name of the installed 'io.appium.settings' is greater or equal to the application version name ('3.2.1' >= '3.2.1')
[debug] &amp#27;[35m[ADB]&amp#27;[39m There is no need to install/upgrade '/Applications/Appium.app/Contents/Resources/app/node_modules/appium/node_modules/io.appium.settings/apks/settings_apk-debug.apk'
[debug] &amp#27;[35m[ADB]&amp#27;[39m Getting IDs of all 'io.appium.settings' processes
[debug] &amp#27;[35m[ADB]&amp#27;[39m Running '/Users/vini/Library/Android/sdk/platform-tools/adb -P 5037 -s emulator-5554 shell 'pgrep --help; echo $?''
[debug] &amp#27;[35m[ADB]&amp#27;[39m Running '/Users/vini/Library/Android/sdk/platform-tools/adb -P 5037 -s emulator-5554 shell pgrep -f \(\[\[:blank:\]\]\|\^\)io\.appium\.settings\(\[\[:blank:\]\]\|\$\)'
[debug] &amp#27;[35m[AndroidDriver]&amp#27;[39m io.appium.settings is already running. There is no need to reset its permissions.
[debug] &amp#27;[35m[Logcat]&amp#27;[39m Starting logs capture with command: /Users/vini/Library/Android/sdk/platform-tools/adb -P 5037 -s emulator-5554 logcat -v threadtime
[debug] &amp#27;[35m[UiAutomator2]&amp#27;[39m Forwarding UiAutomator2 Server port 6790 to local port 8200
[debug] &amp#27;[35m[ADB]&amp#27;[39m Forwarding system: 8200 to device: 6790
[debug] &amp#27;[35m[ADB]&amp#27;[39m Running '/Users/vini/Library/Android/sdk/platform-tools/adb -P 5037 -s emulator-5554 forward tcp:8200 tcp:6790'
[debug] &amp#27;[35m[ADB]&amp#27;[39m Getting install status for io.appium.uiautomator2.server
[debug] &amp#27;[35m[ADB]&amp#27;[39m Running '/Users/vini/Library/Android/sdk/platform-tools/adb -P 5037 -s emulator-5554 shell dumpsys package io.appium.uiautomator2.server'
[debug] &amp#27;[35m[ADB]&amp#27;[39m 'io.appium.uiautomator2.server' is installed
[debug] &amp#27;[35m[ADB]&amp#27;[39m Getting package info for 'io.appium.uiautomator2.server'
[debug] &amp#27;[35m[ADB]&amp#27;[39m Running '/Users/vini/Library/Android/sdk/platform-tools/adb -P 5037 -s emulator-5554 shell dumpsys package io.appium.uiautomator2.server'
[debug] &amp#27;[35m[ADB]&amp#27;[39m The version name of the installed 'io.appium.uiautomator2.server' is greater or equal to the application version name ('4.15.0' >= '4.15.0')
[debug] &amp#27;[35m[UiAutomator2]&amp#27;[39m io.appium.uiautomator2.server installation state: sameVersionInstalled
[debug] &amp#27;[35m[ADB]&amp#27;[39m Checking app cert for /Applications/Appium.app/Contents/Resources/app/node_modules/appium/node_modules/appium-uiautomator2-server/apks/appium-uiautomator2-server-v4.15.0.apk
&amp#27;[35m[ADB]&amp#27;[39m Using 'apksigner.jar' from '/Users/vini/Library/Android/sdk/build-tools/30.0.2/lib/apksigner.jar'
[debug] &amp#27;[35m[ADB]&amp#27;[39m Starting apksigner: /Library/Java/JavaVirtualMachines/jdk1.8.0_181.jdk/Contents/Home/bin/java -Xmx1024M -Xss1m -jar /Users/vini/Library/Android/sdk/build-tools/30.0.2/lib/apksigner.jar verify --print-certs /Applications/Appium.app/Contents/Resources/app/node_modules/appium/node_modules/appium-uiautomator2-server/apks/appium-uiautomator2-server-v4.15.0.apk
[debug] &amp#27;[35m[ADB]&amp#27;[39m apksigner stdout: Signer #1 certificate DN: EMAILADDRESS=android@android.com, CN=Android, OU=Android, O=Android, L=Mountain View, ST=California, C=US
[debug] &amp#27;[35m[ADB]&amp#27;[39m Signer #1 certificate SHA-256 digest: a40da80a59d170caa950cf15c18c454d47a39b26989d8b640ecd745ba71bf5dc
[debug] &amp#27;[35m[ADB]&amp#27;[39m Signer #1 certificate SHA-1 digest: 61ed377e85d386a8dfee6b864bd85b0bfaa5af81
[debug] &amp#27;[35m[ADB]&amp#27;[39m Signer #1 certificate MD5 digest: e89b158e4bcf988ebd09eb83f5378e87
[debug] &amp#27;[35m[ADB]&amp#27;[39m 
[debug] &amp#27;[35m[ADB]&amp#27;[39m sha256 hash did match for 'appium-uiautomator2-server-v4.15.0.apk'
&amp#27;[35m[ADB]&amp#27;[39m '/Applications/Appium.app/Contents/Resources/app/node_modules/appium/node_modules/appium-uiautomator2-server/apks/appium-uiautomator2-server-v4.15.0.apk' is signed with the default certificate
[debug] &amp#27;[35m[ADB]&amp#27;[39m Getting install status for io.appium.uiautomator2.server.test
[debug] &amp#27;[35m[ADB]&amp#27;[39m Running '/Users/vini/Library/Android/sdk/platform-tools/adb -P 5037 -s emulator-5554 shell dumpsys package io.appium.uiautomator2.server.test'
[debug] &amp#27;[35m[ADB]&amp#27;[39m 'io.appium.uiautomator2.server.test' is installed
[debug] &amp#27;[35m[ADB]&amp#27;[39m Checking app cert for /Applications/Appium.app/Contents/Resources/app/node_modules/appium/node_modules/appium-uiautomator2-server/apks/appium-uiautomator2-server-debug-androidTest.apk
[debug] &amp#27;[35m[ADB]&amp#27;[39m Starting apksigner: /Library/Java/JavaVirtualMachines/jdk1.8.0_181.jdk/Contents/Home/bin/java -Xmx1024M -Xss1m -jar /Users/vini/Library/Android/sdk/build-tools/30.0.2/lib/apksigner.jar verify --print-certs /Applications/Appium.app/Contents/Resources/app/node_modules/appium/node_modules/appium-uiautomator2-server/apks/appium-uiautomator2-server-debug-androidTest.apk
[debug] &amp#27;[35m[ADB]&amp#27;[39m apksigner stdout: Signer #1 certificate DN: EMAILADDRESS=android@android.com, CN=Android, OU=Android, O=Android, L=Mountain View, ST=California, C=US
[debug] &amp#27;[35m[ADB]&amp#27;[39m Signer #1 certificate SHA-256 digest: a40da80a59d170caa950cf15c18c454d47a39b26989d8b640ecd745ba71bf5dc
[debug] &amp#27;[35m[ADB]&amp#27;[39m Signer #1 certificate SHA-1 digest: 61ed377e85d386a8dfee6b864bd85b0bfaa5af81
[debug] &amp#27;[35m[ADB]&amp#27;[39m Signer #1 certificate MD5 digest: e89b158e4bcf988ebd09eb83f5378e87
[debug] &amp#27;[35m[ADB]&amp#27;[39m 
[debug] &amp#27;[35m[ADB]&amp#27;[39m sha256 hash did match for 'appium-uiautomator2-server-debug-androidTest.apk'
&amp#27;[35m[ADB]&amp#27;[39m '/Applications/Appium.app/Contents/Resources/app/node_modules/appium/node_modules/appium-uiautomator2-server/apks/appium-uiautomator2-server-debug-androidTest.apk' is signed with the default certificate
&amp#27;[35m[UiAutomator2]&amp#27;[39m Server packages are not going to be (re)installed
[debug] &amp#27;[35m[UiAutomator2]&amp#27;[39m Waiting up to 30000ms for services to be available
[debug] &amp#27;[35m[ADB]&amp#27;[39m Running '/Users/vini/Library/Android/sdk/platform-tools/adb -P 5037 -s emulator-5554 shell pm list instrumentation'
[debug] &amp#27;[35m[UiAutomator2]&amp#27;[39m Instrumentation target 'io.appium.uiautomator2.server.test/androidx.test.runner.AndroidJUnitRunner' is available
[debug] &amp#27;[35m[UiAutomator2]&amp#27;[39m No app capability. Assuming it is already on the device
[debug] &amp#27;[35m[ADB]&amp#27;[39m Getting install status for flipboard.app
[debug] &amp#27;[35m[ADB]&amp#27;[39m Running '/Users/vini/Library/Android/sdk/platform-tools/adb -P 5037 -s emulator-5554 shell dumpsys package flipboard.app'
[debug] &amp#27;[35m[ADB]&amp#27;[39m 'flipboard.app' is installed
[debug] &amp#27;[35m[ADB]&amp#27;[39m Running '/Users/vini/Library/Android/sdk/platform-tools/adb -P 5037 -s emulator-5554 shell am force-stop flipboard.app'
[debug] &amp#27;[35m[ADB]&amp#27;[39m Running '/Users/vini/Library/Android/sdk/platform-tools/adb -P 5037 -s emulator-5554 shell pm clear flipboard.app'
[debug] &amp#27;[35m[AndroidDriver]&amp#27;[39m Performed fast reset on the installed 'flipboard.app' application (stop and clear)
[debug] &amp#27;[35m[UiAutomator2]&amp#27;[39m Performing shallow cleanup of automation leftovers
[debug] &amp#27;[35m[UiAutomator2]&amp#27;[39m No obsolete sessions have been detected (socket hang up)
[debug] &amp#27;[35m[ADB]&amp#27;[39m Running '/Users/vini/Library/Android/sdk/platform-tools/adb -P 5037 -s emulator-5554 shell am force-stop io.appium.uiautomator2.server.test'
&amp#27;[35m[UiAutomator2]&amp#27;[39m Starting UIAutomator2 server 4.15.0
&amp#27;[35m[UiAutomator2]&amp#27;[39m Using UIAutomator2 server from '/Applications/Appium.app/Contents/Resources/app/node_modules/appium/node_modules/appium-uiautomator2-server/apks/appium-uiautomator2-server-v4.15.0.apk' and test from '/Applications/Appium.app/Contents/Resources/app/node_modules/appium/node_modules/appium-uiautomator2-server/apks/appium-uiautomator2-server-debug-androidTest.apk'
&amp#27;[35m[UiAutomator2]&amp#27;[39m Waiting up to 30000ms for UiAutomator2 to be online...
[debug] &amp#27;[35m[ADB]&amp#27;[39m Creating ADB subprocess with args: ["-P",5037,"-s","emulator-5554","shell","am","instrument","-w","io.appium.uiautomator2.server.test/androidx.test.runner.AndroidJUnitRunner"]
[debug] &amp#27;[35m[WD Proxy]&amp#27;[39m Matched '/status' to command name 'getStatus'
[debug] &amp#27;[35m[WD Proxy]&amp#27;[39m Proxying [GET /status] to [GET http://127.0.0.1:8200/wd/hub/status] with no body
&amp#27;[35m[WD Proxy]&amp#27;[39m socket hang up
[debug] &amp#27;[35m[WD Proxy]&amp#27;[39m Matched '/status' to command name 'getStatus'
[debug] &amp#27;[35m[WD Proxy]&amp#27;[39m Proxying [GET /status] to [GET http://127.0.0.1:8200/wd/hub/status] with no body
&amp#27;[35m[WD Proxy]&amp#27;[39m socket hang up
[debug] &amp#27;[35m[Instrumentation]&amp#27;[39m io.appium.uiautomator2.server.test.AppiumUiAutomator2Server:
[debug] &amp#27;[35m[WD Proxy]&amp#27;[39m Matched '/status' to command name 'getStatus'
[debug] &amp#27;[35m[WD Proxy]&amp#27;[39m Proxying [GET /status] to [GET http://127.0.0.1:8200/wd/hub/status] with no body
&amp#27;[35m[WD Proxy]&amp#27;[39m socket hang up
[debug] &amp#27;[35m[WD Proxy]&amp#27;[39m Matched '/status' to command name 'getStatus'
[debug] &amp#27;[35m[WD Proxy]&amp#27;[39m Proxying [GET /status] to [GET http://127.0.0.1:8200/wd/hub/status] with no body
[debug] &amp#27;[35m[WD Proxy]&amp#27;[39m Got response with status 200: {"sessionId":"None","value":{"message":"UiAutomator2 Server is ready to accept commands","ready":true}}
[debug] &amp#27;[35m[UiAutomator2]&amp#27;[39m The initialization of the instrumentation process took 4588ms
[debug] &amp#27;[35m[WD Proxy]&amp#27;[39m Matched '/session' to command name 'createSession'
[debug] &amp#27;[35m[WD Proxy]&amp#27;[39m Proxying [POST /session] to [POST http://127.0.0.1:8200/wd/hub/session] with body: {"capabilities":{"firstMatch":[{"platform":"LINUX","webStorageEnabled":false,"takesScreenshot":true,"javascriptEnabled":true,"databaseEnabled":false,"networkConnectionEnabled":true,"locationContextEnabled":false,"warnings":{},"desired":{"platformName":"android","appActivity":"flipboard.activities.LaunchActivity","appPackage":"flipboard.app","automationName":"UIAutomator2","deviceName":"Nexus:5554","noReset":false,"platformVersion":"9"},"platformName":"android","appActivity":"flipboard.activities.LaunchActivity","appPackage":"flipboard.app","automationName":"UIAutomator2","deviceName":"emulator-5554","noReset":false,"platformVersion":"9","deviceUDID":"emulator-5554"}],"alwaysMatch":{}}}
[debug] &amp#27;[35m[WD Proxy]&amp#27;[39m Got response with status 200: {"sessionId":"e9c5c953-5ae3-4235-951f-d68cbdb92363","value":{"capabilities":{"firstMatch":[{"platform":"LINUX","webStorageEnabled":false,"takesScreenshot":true,"javascriptEnabled":true,"databaseEnabled":false,"networkConnectionEnabled":true,"locationContextEnabled":false,"warnings":{},"desired":{"platformName":"android","appActivity":"flipboard.activities.LaunchActivity","appPackage":"flipboard.app","automationName":"UIAutomator2","deviceName":"Nexus:5554","noReset":false,"platformVersion":"9"},"platformName":"android","appActivity":"flipboard.activities.LaunchActivity","appPackage":"flipboard.app","automationName":"UIAutomator2","deviceName":"emulator-5554","noReset":false,"platformVersion":"9","deviceUDID":"emulator-5554"}],"alwaysMatch":{}},"sessionId":"e9c5c953-5ae3-4235-951f-d68cbdb92363"}}
&amp#27;[35m[WD Proxy]&amp#27;[39m Determined the downstream protocol as 'W3C'
[debug] &amp#27;[35m[WD Proxy]&amp#27;[39m Proxying [GET /appium/device/info] to [GET http://127.0.0.1:8200/wd/hub/session/e9c5c953-5ae3-4235-951f-d68cbdb92363/appium/device/info] with no body
[debug] &amp#27;[35m[WD Proxy]&amp#27;[39m Got response with status 200: {"sessionId":"e9c5c953-5ae3-4235-951f-d68cbdb92363","value":{"androidId":"b21e6ec596b895fc","apiVersion":"28","bluetooth":null,"brand":"google","carrierName":"Android","displayDensity":240,"locale":"en_US","manufacturer":"Google","model":"Android SDK built for x86","networks":[{"capabilities":{"SSID":null,"linkDownBandwidthKbps":1048576,"linkUpstreamBandwidthKbps":1048576,"networkCapabilities":"NET_CAPABILITY_NOT_METERED,NET_CAPABILITY_INTERNET,NET_CAPABILITY_NOT_RESTRICTED,NET_CAPABILITY_TRUSTED,NET_CAPABILITY_NOT_VPN,NET_CAPABILITY_VALIDATED,NET_CAPABILITY_NOT_ROAMING,NET_CAPABILITY_FOREGROUND,NET_CAPABILITY_NOT_CONGESTED,NET_CAPABILITY_NOT_SUSPENDED","signalStrength":-50,"transportTypes":"TRANSPORT_WIFI"},"detailedState":"CONNECTED","extraInfo":null,"isAvailable":true,"isConnected":true,"isFailover":false,"isRoaming":false,"state":"CONNECTED","subtype":0,"subtypeName":"","type":1,"typeName":"WIFI"},{"capabilities":{"SSID":null,"linkDownBandwidthKbps":102400,"linkUpstreamBandwidthKbps":51200,"networkCapa...
[debug] &amp#27;[35m[ADB]&amp#27;[39m Running '/Users/vini/Library/Android/sdk/platform-tools/adb -P 5037 -s emulator-5554 shell dumpsys window'
&amp#27;[35m[AndroidDriver]&amp#27;[39m Screen already unlocked, doing nothing
&amp#27;[35m[UiAutomator2]&amp#27;[39m Starting 'flipboard.app/flipboard.activities.LaunchActivity and waiting for 'flipboard.app/flipboard.activities.LaunchActivity'
[debug] &amp#27;[35m[ADB]&amp#27;[39m Running '/Users/vini/Library/Android/sdk/platform-tools/adb -P 5037 -s emulator-5554 shell am start -W -n flipboard.app/flipboard.activities.LaunchActivity -S -a android.intent.action.MAIN -c android.intent.category.LAUNCHER -f 0x10200000'
[debug] &amp#27;[35m[WD Proxy]&amp#27;[39m Proxying [GET /appium/device/pixel_ratio] to [GET http://127.0.0.1:8200/wd/hub/session/e9c5c953-5ae3-4235-951f-d68cbdb92363/appium/device/pixel_ratio] with no body
[debug] &amp#27;[35m[WD Proxy]&amp#27;[39m Got response with status 200: {"sessionId":"e9c5c953-5ae3-4235-951f-d68cbdb92363","value":1.5}
[debug] &amp#27;[35m[WD Proxy]&amp#27;[39m Matched '/appium/device/system_bars' to command name 'getSystemBars'
[debug] &amp#27;[35m[WD Proxy]&amp#27;[39m Proxying [GET /appium/device/system_bars] to [GET http://127.0.0.1:8200/wd/hub/session/e9c5c953-5ae3-4235-951f-d68cbdb92363/appium/device/system_bars] with no body
[debug] &amp#27;[35m[WD Proxy]&amp#27;[39m Got response with status 200: {"sessionId":"e9c5c953-5ae3-4235-951f-d68cbdb92363","value":{"statusBar":36}}
[debug] &amp#27;[35m[WD Proxy]&amp#27;[39m Matched '/window/current/size' to command name 'getWindowSize'
[...]
[debug] &amp#27;[35m[W3C (5582905f)]&amp#27;[39m Responding to client with driver.findElements() result: [{"element-6066-11e4-a52e-4f735466cecf":"247fbb0b-68d7-4bf2-9247-86b5ac2bc453","ELEMENT":"247fbb0b-68d7-4bf2-9247-86b5ac2bc453"},{"element-6066-11e4-a52e-4f735466cecf":"762b87b1-8f22-4713-9aeb-22482e6cb35d","ELEMENT":"762b87b1-8f22-4713-9aeb-22482e6cb35d"},{"element-6066-11e4-a52e-4f735466cecf":"6173accf-7b97-4d74-9dce-da31f4ee29d8","ELEMENT":"6173accf-7b97-4d74-9dce-da31f4ee29d8"},{"element-6066-11e4-a52e-4f735466cecf":"3778ce5d-d005-41fa-9bf4-7db0f6801e2e","ELEMENT":"3778ce5d-d005-41fa-9bf4-7db0f6801e2e"},{"element-6066-11e4-a52e-4f735466cecf":"9b2334d3-52da-4dcf-b8ef-976f20b04672","ELEMENT":"9b2334d3-52da-4dcf-b8ef-976f20b04672"},{"element-6066-11e4-a52e-4f735466cecf":"ffd8e042-4f43-47dd-947e-0cdc7100937f","ELEMENT":"ffd8e042-4f43-47dd-947e-0cdc7100937f"},{"element-6066-11e4-a52e-4f735466cecf":"87d87d9b-ac22-41f8-bafa-43f755dcd022","ELEMENT":"87d87d9b-ac22-41f8-bafa-43f755dcd022"},{"element-6066-11e4-a52e-4f735466cecf":"af753f34-a912-4952-998e-7dc59813e552","ELEMENT":"af753f34-a912-4952-998e-7dc59813e55...
&amp#27;[35m[HTTP]&amp#27;[39m &amp#27;[37m<-- POST /wd/hub/session/5582905f-e186-447f-aff1-3e590f93b11f/elements &amp#27;[39m&amp#27;[32m200&amp#27;[39m &amp#27;[90m454 ms - 1291&amp#27;[39m
&amp#27;[35m[HTTP]&amp#27;[39m &amp#27;[90m&amp#27;[39m
&amp#27;[35m[HTTP]&amp#27;[39m &amp#27;[37m-->&amp#27;[39m &amp#27;[37mPOST&amp#27;[39m &amp#27;[37m/wd/hub/session/5582905f-e186-447f-aff1-3e590f93b11f/element/6173accf-7b97-4d74-9dce-da31f4ee29d8/click&amp#27;[39m
&amp#27;[35m[HTTP]&amp#27;[39m &amp#27;[90m{"id":"6173accf-7b97-4d74-9dce-da31f4ee29d8"}&amp#27;[39m
[debug] &amp#27;[35m[W3C (5582905f)]&amp#27;[39m Calling AppiumDriver.click() with args: ["6173accf-7b97-4d74-9dce-da31f4ee29d8","5582905f-e186-447f-aff1-3e590f93b11f"]
[debug] &amp#27;[35m[WD Proxy]&amp#27;[39m Matched '/element/6173accf-7b97-4d74-9dce-da31f4ee29d8/click' to command name 'click'
[debug] &amp#27;[35m[WD Proxy]&amp#27;[39m Proxying [POST /element/6173accf-7b97-4d74-9dce-da31f4ee29d8/click] to [POST http://127.0.0.1:8200/wd/hub/session/e9c5c953-5ae3-4235-951f-d68cbdb92363/element/6173accf-7b97-4d74-9dce-da31f4ee29d8/click] with body: {"element":"6173accf-7b97-4d74-9dce-da31f4ee29d8"}
[debug] &amp#27;[35m[WD Proxy]&amp#27;[39m Got response with status 200: {"sessionId":"e9c5c953-5ae3-4235-951f-d68cbdb92363","value":null}
[debug] &amp#27;[35m[W3C (5582905f)]&amp#27;[39m Responding to client with driver.click() result: null
&amp#27;[35m[HTTP]&amp#27;[39m &amp#27;[37m<-- POST /wd/hub/session/5582905f-e186-447f-aff1-3e590f93b11f/element/6173accf-7b97-4d74-9dce-da31f4ee29d8/click &amp#27;[39m&amp#27;[32m200&amp#27;[39m &amp#27;[90m87 ms - 14&amp#27;[39m
&amp#27;[35m[HTTP]&amp#27;[39m &amp#27;[90m&amp#27;[39m
&amp#27;[35m[HTTP]&amp#27;[39m &amp#27;[37m-->&amp#27;[39m &amp#27;[37mGET&amp#27;[39m &amp#27;[37m/wd/hub/session/5582905f-e186-447f-aff1-3e590f93b11f&amp#27;[39m
&amp#27;[35m[HTTP]&amp#27;[39m &amp#27;[90m{}&amp#27;[39m
[debug] &amp#27;[35m[W3C (5582905f)]&amp#27;[39m Calling AppiumDriver.getSession() with args: ["5582905f-e186-447f-aff1-3e590f93b11f"]
[debug] &amp#27;[35m[UiAutomator2]&amp#27;[39m Getting session details from server to mix in
[debug] &amp#27;[35m[WD Proxy]&amp#27;[39m Matched '/' to command name 'getSession'
[debug] &amp#27;[35m[WD Proxy]&amp#27;[39m Proxying [GET /] to [GET http://127.0.0.1:8200/wd/hub/session/e9c5c953-5ae3-4235-951f-d68cbdb92363] with no body
[debug] &amp#27;[35m[WD Proxy]&amp#27;[39m Got response with status 200: {"sessionId":"e9c5c953-5ae3-4235-951f-d68cbdb92363","value":{"lastScrollData":null}}
[debug] &amp#27;[35m[W3C (5582905f)]&amp#27;[39m Responding to client with driver.getSession() result: {"platform":"LINUX","webStorageEnabled":false,"takesScreenshot":true,"javascriptEnabled":true,"databaseEnabled":false,"networkConnectionEnabled":true,"locationContextEnabled":false,"warnings":{},"desired":{"platformName":"android","appActivity":"flipboard.activities.LaunchActivity","appPackage":"flipboard.app","automationName":"UIAutomator2","deviceName":"Nexus:5554","noReset":false,"platformVersion":"9"},"platformName":"android","appActivity":"flipboard.activities.LaunchActivity","appPackage":"flipboard.app","automationName":"UIAutomator2","deviceName":"emulator-5554","noReset":false,"platformVersion":"9","deviceUDID":"emulator-5554","deviceApiLevel":28,"deviceScreenSize":"480x800","deviceScreenDensity":240,"deviceModel":"Android SDK built for x86","deviceManufacturer":"Google","pixelRatio":1.5,"statBarHeight":36,"viewportRect":{"left":0,"top":36,"width":480,"height":764},"lastScrollData":null}
&amp#27;[35m[HTTP]&amp#27;[39m &amp#27;[37m<-- GET /wd/hub/session/5582905f-e186-447f-aff1-3e590f93b11f &amp#27;[39m&amp#27;[32m200&amp#27;[39m &amp#27;[90m84 ms - 918&amp#27;[39m
&amp#27;[35m[HTTP]&amp#27;[39m &amp#27;[90m&amp#27;[39m
&amp#27;[35m[HTTP]&amp#27;[39m &amp#27;[37m-->&amp#27;[39m &amp#27;[37mPOST&amp#27;[39m &amp#27;[37m/wd/hub/session/5582905f-e186-447f-aff1-3e590f93b11f/elements&amp#27;[39m
&amp#27;[35m[HTTP]&amp#27;[39m &amp#27;[90m{"using":"id","value":"flipboard.app:id/topic_picker_topic_row_topic_tag"}&amp#27;[39m
[debug] &amp#27;[35m[W3C (5582905f)]&amp#27;[39m Calling AppiumDriver.findElements() with args: ["id","flipboard.app:id/topic_picker_topic_row_topic_tag","5582905f-e186-447f-aff1-3e590f93b11f"]
[debug] &amp#27;[35m[BaseDriver]&amp#27;[39m Valid locator strategies for this request: xpath, id, class name, accessibility id, css selector, -android uiautomator
[debug] &amp#27;[35m[BaseDriver]&amp#27;[39m Waiting up to 20000 ms for condition
[debug] &amp#27;[35m[WD Proxy]&amp#27;[39m Matched '/elements' to command name 'findElements'
[debug] &amp#27;[35m[WD Proxy]&amp#27;[39m Proxying [POST /elements] to [POST http://127.0.0.1:8200/wd/hub/session/e9c5c953-5ae3-4235-951f-d68cbdb92363/elements] with body: {"strategy":"id","selector":"flipboard.app:id/topic_picker_topic_row_topic_tag","context":"","multiple":true}
[debug] &amp#27;[35m[WD Proxy]&amp#27;[39m Got response with status 200: {"sessionId":"e9c5c953-5ae3-4235-951f-d68cbdb92363","value":[{"ELEMENT":"4d593703-b795-4cc6-afaf-b7479486b137","element-6066-11e4-a52e-4f735466cecf":"4d593703-b795-4cc6-afaf-b7479486b137"},{"ELEMENT":"8df6c93e-3215-4df7-ad63-e26f86e43a05","element-6066-11e4-a52e-4f735466cecf":"8df6c93e-3215-4df7-ad63-e26f86e43a05"},{"ELEMENT":"d5f2a634-2a45-495f-8818-3854486caf12","element-6066-11e4-a52e-4f735466cecf":"d5f2a634-2a45-495f-8818-3854486caf12"},{"ELEMENT":"bdca8c2c-d666-4140-ac7e-4cb6dc86e19f","element-6066-11e4-a52e-4f735466cecf":"bdca8c2c-d666-4140-ac7e-4cb6dc86e19f"},{"ELEMENT":"505126c4-5ad1-493a-ad97-f212af1cb6ce","element-6066-11e4-a52e-4f735466cecf":"505126c4-5ad1-493a-ad97-f212af1cb6ce"},{"ELEMENT":"c7b5c417-16db-4a96-8f28-e3f3367a0f67","element-6066-11e4-a52e-4f735466cecf":"c7b5c417-16db-4a96-8f28-e3f3367a0f67"},{"ELEMENT":"0933485e-53e1-45b3-aea1-9c3900383427","element-6066-11e4-a52e-4f735466cecf":"0933485e-53e1-45b3-aea1-9c3900383427"},{"ELEMENT":"65b01e32-72cb-4c57-adf2-bc93167a14f6","element-6066-...
[debug] &amp#27;[35m[W3C (5582905f)]&amp#27;[39m Responding to client with driver.findElements() result: [{"element-6066-11e4-a52e-4f735466cecf":"4d593703-b795-4cc6-afaf-b7479486b137","ELEMENT":"4d593703-b795-4cc6-afaf-b7479486b137"},{"element-6066-11e4-a52e-4f735466cecf":"8df6c93e-3215-4df7-ad63-e26f86e43a05","ELEMENT":"8df6c93e-3215-4df7-ad63-e26f86e43a05"},{"element-6066-11e4-a52e-4f735466cecf":"d5f2a634-2a45-495f-8818-3854486caf12","ELEMENT":"d5f2a634-2a45-495f-8818-3854486caf12"},{"element-6066-11e4-a52e-4f735466cecf":"bdca8c2c-d666-4140-ac7e-4cb6dc86e19f","ELEMENT":"bdca8c2c-d666-4140-ac7e-4cb6dc86e19f"},{"element-6066-11e4-a52e-4f735466cecf":"505126c4-5ad1-493a-ad97-f212af1cb6ce","ELEMENT":"505126c4-5ad1-493a-ad97-f212af1cb6ce"},{"element-6066-11e4-a52e-4f735466cecf":"c7b5c417-16db-4a96-8f28-e3f3367a0f67","ELEMENT":"c7b5c417-16db-4a96-8f28-e3f3367a0f67"},{"element-6066-11e4-a52e-4f735466cecf":"0933485e-53e1-45b3-aea1-9c3900383427","ELEMENT":"0933485e-53e1-45b3-aea1-9c3900383427"},{"element-6066-11e4-a52e-4f735466cecf":"65b01e32-72cb-4c57-adf2-bc93167a14f6","ELEMENT":"65b01e32-72cb-4c57-adf2-bc93167a14f...
&amp#27;[35m[HTTP]&amp#27;[39m &amp#27;[37m<-- POST /wd/hub/session/5582905f-e186-447f-aff1-3e590f93b11f/elements &amp#27;[39m&amp#27;[32m200&amp#27;[39m &amp#27;[90m601 ms - 1291&amp#27;[39m
&amp#27;[35m[HTTP]&amp#27;[39m &amp#27;[90m&amp#27;[39m
&amp#27;[35m[HTTP]&amp#27;[39m &amp#27;[37m-->&amp#27;[39m &amp#27;[37mPOST&amp#27;[39m &amp#27;[37m/wd/hub/session/5582905f-e186-447f-aff1-3e590f93b11f/element/bdca8c2c-d666-4140-ac7e-4cb6dc86e19f/click&amp#27;[39m
&amp#27;[35m[HTTP]&amp#27;[39m &amp#27;[90m{"id":"bdca8c2c-d666-4140-ac7e-4cb6dc86e19f"}&amp#27;[39m
[debug] &amp#27;[35m[W3C (5582905f)]&amp#27;[39m Calling AppiumDriver.click() with args: ["bdca8c2c-d666-4140-ac7e-4cb6dc86e19f","5582905f-e186-447f-aff1-3e590f93b11f"]
[debug] &amp#27;[35m[WD Proxy]&amp#27;[39m Matched '/element/bdca8c2c-d666-4140-ac7e-4cb6dc86e19f/click' to command name 'click'
[debug] &amp#27;[35m[WD Proxy]&amp#27;[39m Proxying [POST /element/bdca8c2c-d666-4140-ac7e-4cb6dc86e19f/click] to [POST http://127.0.0.1:8200/wd/hub/session/e9c5c953-5ae3-4235-951f-d68cbdb92363/element/bdca8c2c-d666-4140-ac7e-4cb6dc86e19f/click] with body: {"element":"bdca8c2c-d666-4140-ac7e-4cb6dc86e19f"}
[debug] &amp#27;[35m[WD Proxy]&amp#27;[39m Got response with status 200: {"sessionId":"e9c5c953-5ae3-4235-951f-d68cbdb92363","value":null}
[debug] &amp#27;[35m[W3C (5582905f)]&amp#27;[39m Responding to client with driver.click() result: null
&amp#27;[35m[HTTP]&amp#27;[39m &amp#27;[37m<-- POST /wd/hub/session/5582905f-e186-447f-aff1-3e590f93b11f/element/bdca8c2c-d666-4140-ac7e-4cb6dc86e19f/click &amp#27;[39m&amp#27;[32m200&amp#27;[39m &amp#27;[90m39 ms - 14&amp#27;[39m
&amp#27;[35m[HTTP]&amp#27;[39m &amp#27;[90m&amp#27;[39m
&amp#27;[35m[HTTP]&amp#27;[39m &amp#27;[37m-->&amp#27;[39m &amp#27;[37mGET&amp#27;[39m &amp#27;[37m/wd/hub/session/5582905f-e186-447f-aff1-3e590f93b11f&amp#27;[39m
&amp#27;[35m[HTTP]&amp#27;[39m &amp#27;[90m{}&amp#27;[39m
[debug] &amp#27;[35m[W3C (5582905f)]&amp#27;[39m Calling AppiumDriver.getSession() with args: ["5582905f-e186-447f-aff1-3e590f93b11f"]
[debug] &amp#27;[35m[UiAutomator2]&amp#27;[39m Getting session details from server to mix in
[debug] &amp#27;[35m[WD Proxy]&amp#27;[39m Matched '/' to command name 'getSession'
[debug] &amp#27;[35m[WD Proxy]&amp#27;[39m Proxying [GET /] to [GET http://127.0.0.1:8200/wd/hub/session/e9c5c953-5ae3-4235-951f-d68cbdb92363] with no body
[debug] &amp#27;[35m[WD Proxy]&amp#27;[39m Got response with status 200: {"sessionId":"e9c5c953-5ae3-4235-951f-d68cbdb92363","value":{"lastScrollData":null}}
[debug] &amp#27;[35m[W3C (5582905f)]&amp#27;[39m Responding to client with driver.getSession() result: {"platform":"LINUX","webStorageEnabled":false,"takesScreenshot":true,"javascriptEnabled":true,"databaseEnabled":false,"networkConnectionEnabled":true,"locationContextEnabled":false,"warnings":{},"desired":{"platformName":"android","appActivity":"flipboard.activities.LaunchActivity","appPackage":"flipboard.app","automationName":"UIAutomator2","deviceName":"Nexus:5554","noReset":false,"platformVersion":"9"},"platformName":"android","appActivity":"flipboard.activities.LaunchActivity","appPackage":"flipboard.app","automationName":"UIAutomator2","deviceName":"emulator-5554","noReset":false,"platformVersion":"9","deviceUDID":"emulator-5554","deviceApiLevel":28,"deviceScreenSize":"480x800","deviceScreenDensity":240,"deviceModel":"Android SDK built for x86","deviceManufacturer":"Google","pixelRatio":1.5,"statBarHeight":36,"viewportRect":{"left":0,"top":36,"width":480,"height":764},"lastScrollData":null}
&amp#27;[35m[HTTP]&amp#27;[39m &amp#27;[37m<-- GET /wd/hub/session/5582905f-e186-447f-aff1-3e590f93b11f &amp#27;[39m&amp#27;[32m200&amp#27;[39m &amp#27;[90m62 ms - 918&amp#27;[39m
&amp#27;[35m[HTTP]&amp#27;[39m &amp#27;[90m&amp#27;[39m
&amp#27;[35m[HTTP]&amp#27;[39m &amp#27;[37m-->&amp#27;[39m &amp#27;[37mPOST&amp#27;[39m &amp#27;[37m/wd/hub/session/5582905f-e186-447f-aff1-3e590f93b11f/element&amp#27;[39m
&amp#27;[35m[HTTP]&amp#27;[39m &amp#27;[90m{"using":"id","value":"flipboard.app:id/icon_button_text"}&amp#27;[39m
[debug] &amp#27;[35m[W3C (5582905f)]&amp#27;[39m Calling AppiumDriver.findElement() with args: ["id","flipboard.app:id/icon_button_text","5582905f-e186-447f-aff1-3e590f93b11f"]
[debug] &amp#27;[35m[BaseDriver]&amp#27;[39m Valid locator strategies for this request: xpath, id, class name, accessibility id, css selector, -android uiautomator
[debug] &amp#27;[35m[BaseDriver]&amp#27;[39m Waiting up to 20000 ms for condition
[debug] &amp#27;[35m[WD Proxy]&amp#27;[39m Matched '/element' to command name 'findElement'
[debug] &amp#27;[35m[WD Proxy]&amp#27;[39m Proxying [POST /element] to [POST http://127.0.0.1:8200/wd/hub/session/e9c5c953-5ae3-4235-951f-d68cbdb92363/element] with body: {"strategy":"id","selector":"flipboard.app:id/icon_button_text","context":"","multiple":false}
[debug] &amp#27;[35m[WD Proxy]&amp#27;[39m Got response with status 200: {"sessionId":"e9c5c953-5ae3-4235-951f-d68cbdb92363","value":{"ELEMENT":"6f83e180-595a-4c51-9ab0-26b26c155521","element-6066-11e4-a52e-4f735466cecf":"6f83e180-595a-4c51-9ab0-26b26c155521"}}
[debug] &amp#27;[35m[W3C (5582905f)]&amp#27;[39m Responding to client with driver.findElement() result: {"element-6066-11e4-a52e-4f735466cecf":"6f83e180-595a-4c51-9ab0-26b26c155521","ELEMENT":"6f83e180-595a-4c51-9ab0-26b26c155521"}
&amp#27;[35m[HTTP]&amp#27;[39m &amp#27;[37m<-- POST /wd/hub/session/5582905f-e186-447f-aff1-3e590f93b11f/element &amp#27;[39m&amp#27;[32m200&amp#27;[39m &amp#27;[90m468 ms - 137&amp#27;[39m
&amp#27;[35m[HTTP]&amp#27;[39m &amp#27;[90m&amp#27;[39m
&amp#27;[35m[HTTP]&amp#27;[39m &amp#27;[37m-->&amp#27;[39m &amp#27;[37mPOST&amp#27;[39m &amp#27;[37m/wd/hub/session/5582905f-e186-447f-aff1-3e590f93b11f/element/6f83e180-595a-4c51-9ab0-26b26c155521/click&amp#27;[39m
&amp#27;[35m[HTTP]&amp#27;[39m &amp#27;[90m{"id":"6f83e180-595a-4c51-9ab0-26b26c155521"}&amp#27;[39m
[debug] &amp#27;[35m[W3C (5582905f)]&amp#27;[39m Calling AppiumDriver.click() with args: ["6f83e180-595a-4c51-9ab0-26b26c155521","5582905f-e186-447f-aff1-3e590f93b11f"]
[debug] &amp#27;[35m[WD Proxy]&amp#27;[39m Matched '/element/6f83e180-595a-4c51-9ab0-26b26c155521/click' to command name 'click'
[debug] &amp#27;[35m[WD Proxy]&amp#27;[39m Proxying [POST /element/6f83e180-595a-4c51-9ab0-26b26c155521/click] to [POST http://127.0.0.1:8200/wd/hub/session/e9c5c953-5ae3-4235-951f-d68cbdb92363/element/6f83e180-595a-4c51-9ab0-26b26c155521/click] with body: {"element":"6f83e180-595a-4c51-9ab0-26b26c155521"}
[debug] &amp#27;[35m[WD Proxy]&amp#27;[39m Got response with status 200: {"sessionId":"e9c5c953-5ae3-4235-951f-d68cbdb92363","value":null}
[debug] &amp#27;[35m[W3C (5582905f)]&amp#27;[39m Responding to client with driver.click() result: null
&amp#27;[35m[HTTP]&amp#27;[39m &amp#27;[37m<-- POST /wd/hub/session/5582905f-e186-447f-aff1-3e590f93b11f/element/6f83e180-595a-4c51-9ab0-26b26c155521/click &amp#27;[39m&amp#27;[32m200&amp#27;[39m &amp#27;[90m59 ms - 14&amp#27;[39m
&amp#27;[35m[HTTP]&amp#27;[39m &amp#27;[90m&amp#27;[39m
&amp#27;[35m[HTTP]&amp#27;[39m &amp#27;[37m-->&amp#27;[39m &amp#27;[37mGET&amp#27;[39m &amp#27;[37m/wd/hub/session/5582905f-e186-447f-aff1-3e590f93b11f&amp#27;[39m
&amp#27;[35m[HTTP]&amp#27;[39m &amp#27;[90m{}&amp#27;[39m
[debug] &amp#27;[35m[W3C (5582905f)]&amp#27;[39m Calling AppiumDriver.getSession() with args: ["5582905f-e186-447f-aff1-3e590f93b11f"]
[debug] &amp#27;[35m[UiAutomator2]&amp#27;[39m Getting session details from server to mix in
[debug] &amp#27;[35m[WD Proxy]&amp#27;[39m Matched '/' to command name 'getSession'
[debug] &amp#27;[35m[WD Proxy]&amp#27;[39m Proxying [GET /] to [GET http://127.0.0.1:8200/wd/hub/session/e9c5c953-5ae3-4235-951f-d68cbdb92363] with no body
[debug] &amp#27;[35m[WD Proxy]&amp#27;[39m Got response with status 200: {"sessionId":"e9c5c953-5ae3-4235-951f-d68cbdb92363","value":{"lastScrollData":null}}
[debug] &amp#27;[35m[W3C (5582905f)]&amp#27;[39m Responding to client with driver.getSession() result: {"platform":"LINUX","webStorageEnabled":false,"takesScreenshot":true,"javascriptEnabled":true,"databaseEnabled":false,"networkConnectionEnabled":true,"locationContextEnabled":false,"warnings":{},"desired":{"platformName":"android","appActivity":"flipboard.activities.LaunchActivity","appPackage":"flipboard.app","automationName":"UIAutomator2","deviceName":"Nexus:5554","noReset":false,"platformVersion":"9"},"platformName":"android","appActivity":"flipboard.activities.LaunchActivity","appPackage":"flipboard.app","automationName":"UIAutomator2","deviceName":"emulator-5554","noReset":false,"platformVersion":"9","deviceUDID":"emulator-5554","deviceApiLevel":28,"deviceScreenSize":"480x800","deviceScreenDensity":240,"deviceModel":"Android SDK built for x86","deviceManufacturer":"Google","pixelRatio":1.5,"statBarHeight":36,"viewportRect":{"left":0,"top":36,"width":480,"height":764},"lastScrollData":null}
&amp#27;[35m[HTTP]&amp#27;[39m &amp#27;[37m<-- GET /wd/hub/session/5582905f-e186-447f-aff1-3e590f93b11f &amp#27;[39m&amp#27;[32m200&amp#27;[39m &amp#27;[90m160 ms - 918&amp#27;[39m
&amp#27;[35m[HTTP]&amp#27;[39m &amp#27;[90m&amp#27;[39m
&amp#27;[35m[HTTP]&amp#27;[39m &amp#27;[37m-->&amp#27;[39m &amp#27;[37mGET&amp#27;[39m &amp#27;[37m/wd/hub/session/5582905f-e186-447f-aff1-3e590f93b11f&amp#27;[39m
&amp#27;[35m[HTTP]&amp#27;[39m &amp#27;[90m{}&amp#27;[39m
[debug] &amp#27;[35m[W3C (5582905f)]&amp#27;[39m Calling AppiumDriver.getSession() with args: ["5582905f-e186-447f-aff1-3e590f93b11f"]
[debug] &amp#27;[35m[UiAutomator2]&amp#27;[39m Getting session details from server to mix in
[debug] &amp#27;[35m[WD Proxy]&amp#27;[39m Matched '/' to command name 'getSession'
[debug] &amp#27;[35m[WD Proxy]&amp#27;[39m Proxying [GET /] to [GET http://127.0.0.1:8200/wd/hub/session/e9c5c953-5ae3-4235-951f-d68cbdb92363] with no body
[debug] &amp#27;[35m[WD Proxy]&amp#27;[39m Got response with status 200: {"sessionId":"e9c5c953-5ae3-4235-951f-d68cbdb92363","value":{"lastScrollData":null}}
[debug] &amp#27;[35m[W3C (5582905f)]&amp#27;[39m Responding to client with driver.getSession() result: {"platform":"LINUX","webStorageEnabled":false,"takesScreenshot":true,"javascriptEnabled":true,"databaseEnabled":false,"networkConnectionEnabled":true,"locationContextEnabled":false,"warnings":{},"desired":{"platformName":"android","appActivity":"flipboard.activities.LaunchActivity","appPackage":"flipboard.app","automationName":"UIAutomator2","deviceName":"Nexus:5554","noReset":false,"platformVersion":"9"},"platformName":"android","appActivity":"flipboard.activities.LaunchActivity","appPackage":"flipboard.app","automationName":"UIAutomator2","deviceName":"emulator-5554","noReset":false,"platformVersion":"9","deviceUDID":"emulator-5554","deviceApiLevel":28,"deviceScreenSize":"480x800","deviceScreenDensity":240,"deviceModel":"Android SDK built for x86","deviceManufacturer":"Google","pixelRatio":1.5,"statBarHeight":36,"viewportRect":{"left":0,"top":36,"width":480,"height":764},"lastScrollData":null}
04-24-2022 12:14:19 TestBase.java INFO  [main] base.TestBase 65 - Test case execution completed........
]]></system-out>
    <system-err><![CDATA[Apr 24, 2022 12:14:11 PM io.appium.java_client.remote.AppiumCommandExecutor$1 lambda$0
INFO: Detected dialect: W3C
]]></system-err>
  </testcase>
</testsuite>