<?xml version="1.0" encoding="UTF-8"?>
<testng-results skipped="0" failed="0" ignored="0" total="2" passed="2">
  <reporter-output>
  </reporter-output>
  <suite name="Default suite" duration-ms="62567" started-at="2022-04-24T06:00:19Z" finished-at="2022-04-24T06:01:22Z">
    <groups>
      <group name="cucumber">
        <method signature="AbstractTestNGCucumberTests.runScenario(io.cucumber.testng.PickleEventWrapper, io.cucumber.testng.CucumberFeatureWrapper)[pri:0, instance:com.automation.framework.runner.RunCuke@71318ec4]" name="runScenario" class="io.cucumber.testng.AbstractTestNGCucumberTests"/>
      </group> <!-- cucumber -->
    </groups>
    <test name="Default test" duration-ms="62567" started-at="2022-04-24T06:00:19Z" finished-at="2022-04-24T06:01:22Z">
      <class name="com.automation.framework.runner.RunCuke">
        <test-method status="PASS" signature="setUpClass()[pri:0, instance:com.automation.framework.runner.RunCuke@71318ec4]" name="setUpClass" is-config="true" duration-ms="805" started-at="2022-04-24T06:00:19Z" finished-at="2022-04-24T06:00:20Z">
          <reporter-output>
          </reporter-output>
        </test-method> <!-- setUpClass -->
        <test-method status="PASS" signature="runScenario(io.cucumber.testng.PickleEventWrapper, io.cucumber.testng.CucumberFeatureWrapper)[pri:0, instance:com.automation.framework.runner.RunCuke@71318ec4]" name="runScenario" duration-ms="28868" started-at="2022-04-24T06:00:20Z" description="Runs Cucumber Scenarios" data-provider="scenarios" finished-at="2022-04-24T06:00:49Z">
          <params>
            <param index="0">
              <value>
                <![CDATA["Click on continue button"]]>
              </value>
            </param>
            <param index="1">
              <value>
                <![CDATA["Login Feature"]]>
              </value>
            </param>
          </params>
          <reporter-output>
          </reporter-output>
        </test-method> <!-- runScenario -->
        <test-method status="PASS" signature="runScenario(io.cucumber.testng.PickleEventWrapper, io.cucumber.testng.CucumberFeatureWrapper)[pri:0, instance:com.automation.framework.runner.RunCuke@71318ec4]" name="runScenario" duration-ms="30671" started-at="2022-04-24T06:00:49Z" description="Runs Cucumber Scenarios" data-provider="scenarios" finished-at="2022-04-24T06:01:19Z">
          <params>
            <param index="0">
              <value>
                <![CDATA[": Click on continue button"]]>
              </value>
            </param>
            <param index="1">
              <value>
                <![CDATA["Login Feature"]]>
              </value>
            </param>
          </params>
          <reporter-output>
          </reporter-output>
        </test-method> <!-- runScenario -->
        <test-method status="PASS" signature="tearDownClass()[pri:0, instance:com.automation.framework.runner.RunCuke@71318ec4]" name="tearDownClass" is-config="true" duration-ms="2123" started-at="2022-04-24T06:01:19Z" finished-at="2022-04-24T06:01:22Z">
          <reporter-output>
          </reporter-output>
        </test-method> <!-- tearDownClass -->
      </class> <!-- com.automation.framework.runner.RunCuke -->
    </test> <!-- Default test -->
  </suite> <!-- Default suite -->
</testng-results>
